
---------------------------------------------------------------------
     HOL4 [Trindemossen 2 (stdknl, built Thu Jul 02 02:35:34 2026)]

     For introductory HOL help, type: help "hol";
     To exit type <Control>-D
---------------------------------------------------------------------
** Load path (see loadPath variable) now contains 94 entries
** after consulting Holmakefiles

> <<HOL message: intLib loaded.  Use intLib.deprecate_int() to turn off integer parsing>>
/home/hbox/src/cakeml/compiler/backend/reg_alloc/reg_allocComputeLib.sml:345: warning: Pattern 3 is redundant.
Found near
  fun
     alloc_aux alg k ... = (if ... ... then ... ... else (); [...]) |
        alloc_aux alg ... = let val ...; ... in case ... of ... end |
        alloc_aux ... = raise ...
val say = fn: string -> unit
val rconc = fn: thm -> term
val defineFrom = fn: string -> term -> thm
val src =
   "// Minimal straight-line probe: store one constant byte, report it.\n// Smallest program with an observable FFI trace + machine_sem theorem;\n// tiny clash graph => register allocation tractable under plain EVAL.\nfun main() {\n  var buf = @base;\n  st8 buf, 65;\n  @report_vec(buf, 1, buf, 1);\n  return 0;\n}\n":
   string
<<HOL message: inventing new type variable names: 'a>>
val prog_tm =
   “[Function
       <|name := «main»; inline := F; export := ... ; params := []; ... |>]”:
   term
val tinyProg_def =
   ⊢ tinyProg =
     [Function <|name := «main»; inline := ... ; export := F; ... |>]: thm
val tinyC_def =
   ⊢ tinyC =
     x64_backend_config with
     word_to_word_conf :=
       x64_backend_config.word_to_word_conf with reg_alg := 0: thm
val L1raw =
   ⊢ compile_prog x64_config.ISA tinyProg =
     [(64,1,... ... (... ... )); (65,1,... ... )]: thm
val TINY_PW_def = ⊢ TINY_PW = [(64,1,... ... (... ... )); (65,1,... ... )]:
   thm
val L1 = ⊢ compile_prog x64_config.ISA tinyProg = TINY_PW: thm
val L2raw =
   ⊢ compile tinyC.word_to_word_conf x64_config TINY_PW =
     ([],[(64,1,... ... ); (65,... ,... )]): thm
val hasRAA2 = false: bool
L2 reg_alloc_aux present = false
val col_tm = “[]”: term
val wprog_tm =
   “[(64,1,Seq (... ... ) (... ... NONE)); (65,1,... ... (... ... ))]”: term
val tiny_wprog_def =
   ⊢ tiny_wprog = [(64,1,... ... (... ... )); (65,1,... ... )]: thm
val L2 =
   ⊢ compile tinyC.word_to_word_conf x64_config TINY_PW = ([],tiny_wprog):
   thm
val L3raw =
   ⊢ compile x64_config F tiny_wprog =
     ([4w],<|bitmaps_length := 1; stack_frame_size := ⦕ 64 ↦ 0; 65 ↦ 2 ⦖ |>,
      [0; ... ; ... ],[(... ,... ); ... ; ... ]): thm
val tiny_bm_def = ⊢ tiny_bm = [4w]: thm
val tiny_cprime_def =
   ⊢ tiny_cprime =
     <|bitmaps_length := 1; stack_frame_size := ⦕ 64 ↦ 0; 65 ↦ 2 ⦖ |>: thm
val tiny_stackprog_def =
   ⊢ tiny_stackprog =
     [(5,Seq (... ... ) (... ... (... ... ))); (6,... ... (... ... ));
      (64,... ... ); (... ,... )]: thm
val L3 =
   ⊢ compile x64_config F tiny_wprog =
     (tiny_bm,tiny_cprime,[0; ... ; ... ],tiny_stackprog): thm
val L4raw =
   ⊢ max_depth tiny_cprime.stack_frame_size
       (full_call_graph InitGlobals_location (fromAList tiny_wprog)) = SOME 2:
   thm
val tiny_stackmax_def = ⊢ tiny_stackmax = SOME 2: thm
val L4 =
   ⊢ max_depth tiny_cprime.stack_frame_size
       (full_call_graph InitGlobals_location (fromAList tiny_wprog)) =
     tiny_stackmax: thm
<<HOL message: inventing new type variable names: 'a, 'b>>
val tiny_frontprog_eq =
   ⊢ mc.target.config = x64_config ⇒
     compile_prog_max tinyC mc tinyProg =
     (... ... tiny_stackprog tiny_bm,tiny_stackmax): thm
=== FRONT DONE (tiny_frontprog_eq proven) ===
val asm_conf = “x64_config”: term
val cfgdef =
   ⊢ x64_config =
     <|ISA := x86_64; encode := x64_enc; reg_count := 16;
       fp_reg_count := ... ; avoid_regs := [4; 5]; ... |>: thm
val lemma =
   ⊢ x64_config.ISA = x86_64 ∧ x64_config.encode = x64_enc ∧
     (x64_config.big_endian ⇔ F) ∧ ... .code_alignment = 0 ∧ ... = ... ∧
     ... ∧ ...: thm
structure bx: backend_x64Theory
structure ba: backend_asmTheory
val membridges = ref []: thm list ref
val mk_bridge = fn: string -> thm * thm -> thm
val b_ela =
   ⊢ ∀xs labs ffis pos acc ok.
       ... ... x64_config xs (acc,ok) = ... ... pos xs (acc,ok): thm
val b_esa =
   ⊢ ∀xs pos labs ffis. ... ... ffis x64_config xs = ... ... labs ffis xs:
   thm
val b_rll =
   ⊢ ∀clock pos init_labs ffis sec_list.
       ... ... init_labs ffis sec_list = ... ... init_labs ffis sec_list: thm
val b_fs = ⊢ from_stack x64_config = from_stack_x64: thm
=== ENCODER BRIDGE DONE: ⊢ from_stack x64_config = from_stack_x64 ===
<<HOL message: inventing new type variable names: 'a, 'b>>
val from_lab_thm =
   ⊢ ... ... names p bm = SOME (bytes,bytes_len,... ,... ) ⇒
     ∃c1.
       ... ... bm = SOME (... ,... ) ∧ ... ... = bytes_len ∧
       ... ... = bm1_len: thm
<<HOL message: inventing new type variable names: 'a, 'b>>
val from_stack_thm =
   ⊢ ... ... names p bm = SOME (bytes,bytes_len,... ,... ) ⇒
     ∃c1.
       ... ... bm = SOME (... ,... ) ∧ ... ... = bytes_len ∧
       ... ... = bm1_len: thm
=== from_stack_thm re-derived ===
val tinyC_eq =
   ⊢ tinyC =
     <|source_conf :=
         <|next := <|vidx := 0; ... |>; mod_env := ... ;
           pattern_cfg := <|pat_heuristic := 0|>; ... |>;
       clos_conf := <|next_loc := ... ; start := 1; ... |>;
       bvl_conf := <|inline_size_limit := 10; ... |>; data_conf := ... ;
       word_to_word_conf := <|reg_alg := 0; col_oracle := []|>; ... |>: thm
val tinyC_val =
   “<|source_conf :=
        <|next := <|vidx := ... ; tidx := 2; ... |>;
          mod_env :=
            <|c :=
                Bind
                  [(«::»,0,SOME (1,[(0,0); (0,2)]));
                   («[]»,0,SOME (1,[(0,0); (0,2)]));
                   («True»,1,SOME (0,[(0,0); (1,0)]));
                   («False»,0,SOME (0,[(0,0); (1,0)])); («Subscript»,3,NONE);
                   («Div»,2,NONE); («Chr»,1,NONE); («Bind»,0,NONE)] [];
              ... |>; pattern_cfg := ... ;
          envs := <|next := 0; env_gens := LN|> |>;
      clos_conf := <|next_loc := 0; start := ... ; do_mti := T; ... |>;
      bvl_conf := <|inline_size_limit := ... ; exp_cut := 1000; ... |>;
      data_conf := <|tag_bits := 4; ... |>; word_to_word_conf := ... ;
      word_conf := <|bitmaps_length := 0; stack_frame_size := LN|>; ... |>”:
   term
val enc_input =
   “from_stack_x64
      <|source_conf := ... ;
        clos_conf :=
          <|next_loc := 0; start := 1; do_mti := T;
            known_conf :=
              SOME
                <|inline_max_body_size := 88; inline_factor := 8;
                  initial_inline_factor := 8; val_approx_spt := LN|>;
            do_call := T; call_state := (LN,[]); max_app := 10|>; ... |> LN
      tiny_stackprog tiny_bm”: term
val enc =
   ⊢ from_stack_x64
       <|source_conf :=
           <|next := <|vidx := 0; tidx := 2; eidx := 4|>;
             mod_env :=
               <|c :=
                   Bind
                     [(«::»,0,SOME (1,[(0,0); (0,2)]));
                      («[]»,0,SOME (1,[(0,0); (0,2)]));
                      («True»,1,SOME (0,[(0,0); (1,0)]));
                      («False»,0,SOME (0,[(0,0); (1,0)]));
                      («Subscript»,3,NONE); («Div»,2,NONE); («Chr»,1,NONE);
                      («Bind»,0,NONE)] []; v := Bind [] []|>;
             pattern_cfg := <|pat_heuristic := 0|>;
             envs := <|next := 0; env_gens := LN|> |>; ... |> LN
       tiny_stackprog tiny_bm =
     to_option (to_pair (... ... ) (... ... (... ... )))
       (cv$Pair (cv$Num 1) (cv$Pair (... ... ) (... ... (... ... )))): thm
val enc_hol0 =
   ⊢ from_stack_x64
       <|source_conf :=
           <|next := <|vidx := 0; tidx := 2; eidx := 4|>;
             mod_env :=
               <|c :=
                   Bind
                     [(«::»,0,SOME (1,[(0,0); (0,2)]));
                      («[]»,0,SOME (1,[(0,0); (0,2)]));
                      («True»,1,SOME (0,[(0,0); (1,0)]));
                      («False»,0,SOME (0,[(0,0); (1,0)]));
                      («Subscript»,3,NONE); («Div»,2,NONE); («Chr»,1,NONE);
                      («Bind»,0,NONE)] []; v := Bind [] []|>;
             pattern_cfg := <|pat_heuristic := 0|>;
             envs := <|next := 0; env_gens := LN|> |>; ... |> LN
       tiny_stackprog tiny_bm =
     SOME ([72w; 137w; 200w; ... ],1868,[4w],... ,... ): thm
val enc_hol =
   ⊢ from_stack_x64 tinyC LN tiny_stackprog tiny_bm =
     SOME ([72w; 137w; 200w; ... ],1868,[4w],... ,... ): thm
val enc_hr = “SOME ([72w; 137w; 200w; 72w; ... ],1868,[4w],1,... ,... )”:
   term
val is_some = true: bool
encoder result is SOME: true
val payload =
   “([72w; 137w; 200w; 72w; 41w; ... ],1868,[4w],1,[... ],... ,... )”: term
val comps =
   [“[72w; 137w; 200w; 72w; 41w; 240w; ... ]”, “1868”, “[4w]”, “1”,
    “[«report_vec»]”, “0”,
    “[(«NOTFOUND»,0,660); («NOTFOUND»,660,8); («NOTFOUND»,668,12);
      («NOTFOUND»,... ,... ); (... ,... ); ... ; ... ]”,
    “" \"$!(\"Z!Z! !!\"   \"\"?#A# !!\"   \"$V\"V#Y#I#!! \"  ! %H\"E#P#W#I# ! \"  ! )U\"Y#F#W#G#V#M#T#X## #F\"M#Z#\" #E\"L#V#! $D\"M#R#H#   !       !!!Z\"((  !   **HA!!K\"L\"  $$\"@! !!   !       ./%'##\"+.!')+%(-,(/$!,-\"&&).$!  (! #!@6 >6\"F6C\" $#F@\"!N>\" @>\"\"X?\"% #!HU! DU!\"HV!  '#X!!V5%J#  $>\"\"R!&>6B\" #!X[! X[!\"@>\"$ I!?!JO!/FE!'H=G!BU!7>@!#B;C!NL!3LG!+LI!;>L!!BU!A!JR!1VF!)ZI!9@J!%R<E!VR!5HH!-NH!=XN! R6@!TQ!0LD!(R>!H!DU!8B?!$H:D!TK!4@H!,L@!<VR!\"V9B!JR!2LG!*N?!:>S!&H=F!NJ!6>A!.ZC!>!DP!\" #!L6 F6\"R6& .'>X!#TY!+@[!!V[!)TY!%HY!-X[! HV!(LW!$LW!,FZ!\"ZV!*P[!&VX!(  >6!>6(\"F6,$R6N>!%DU!B!&HV!N%B\"X[!&C\"@>\"D\"F@\"%!! ! ! *V# I# T# S# V# X# C# Z# I# G#  [HX#((P\"Q\"V\"H\"Q\"W\"P\"F\" >6(P\"Q\"V\"H\"Q\"W\"P\"F\">6((P\"Q\"V\"H\"Q\"W\"P\"F\"F6,(P\"Q\"V\"H\"Q\"W\"P\"F\"R6N>!(P\"Q\"V\"H\"Q\"W\"P\"F\"DU!B!(P\"Q\"V\"H\"Q\"W\"P\"F\"HV!N%(P\"Q\"V\"H\"Q\"W\"P\"F\"X[!&(P\"Q\"V\"H\"Q\"W\"P\"F\"@>\"D\" !   "”]:
   term list
val bytes_tm = “[72w; 137w; 200w; 72w; 41w; 240w; ... ]”: term
val bm1_tm = “[4w]”: term
val byte_els =
   [“72w”, “137w”, “200w”, “72w”, “41w”, “240w”, “72w”, “193w”, “232w”, “4w”,
    “72w”, “193w”, “224w”, “3w”, “72w”, “1w”, “240w”, “65w”, “184w”, “248w”,
    “7w”, “0w”, “0w”, “76w”, “1w”, “198w”, “76w”, “41w”, “193w”, “72w”,
    “57w”, “242w”, “15w”, “130w”, “18w”, “0w”, “0w”, “0w”, “72w”, “57w”,
    “209w”, “15w”, “131w”, “3w”, “0w”, “0w”, “0w”, “72w”, “137w”, “194w”,
    “233w”, “5w”, “0w”, “0w”, “0w”, “144w”, “72w”, “137w”, “194w”, “144w”,
    “184w”, “248w”, “7w”, “0w”, “0w”, “72w”, “41w”, “198w”, “72w”, “1w”,
    “193w”, “72w”, “137w”, “208w”, “72w”, “41w”, “240w”, “73w”, “184w”,
    “248w”, “255w”, “255w”, “255w”, “255w”, “255w”, “255w”, “0w”, “73w”,
    “57w”, “192w”, “15w”, “131w”, “6w”, “0w”, “0w”, “0w”, “72w”, “137w”,
    “242w”, “76w”, ...]: term list
val nbytes = 1868: int
val byteval = fn: term -> int
val nums =
   [72, 137, 200, 72, 41, 240, 72, 193, 232, 4, 72, 193, 224, 3, 72, 1, 240,
    65, 184, 248, 7, 0, 0, 76, 1, 198, 76, 41, 193, 72, 57, 242, 15, 130, 18,
    0, 0, 0, 72, 57, 209, 15, 131, 3, 0, 0, 0, 72, 137, 194, 233, 5, 0, 0, 0,
    144, 72, 137, 194, 144, 184, 248, 7, 0, 0, 72, 41, 198, 72, 1, 193, 72,
    137, 208, 72, 41, 240, 73, 184, 248, 255, 255, 255, 255, 255, 255, 0, 73,
    57, 192, 15, 131, 6, 0, 0, 0, 72, 137, 242, 76, ...]: int list
val allconc = true: bool
BYTE COUNT = 1868  all_concrete_0_255 = true
val f8 = [72, 137, 200, 72, 41, 240, 72, 193]: int list
val l8 = [49, 255, 73, 131, 198, 16, 255, 224]: int list
first8 = [72,137,200,72,41,240,72,193]
last8  = [49,255,73,131,198,16,255,224]
val fh = ?: TextIO.outstream
wrote tiny_bytes_simple.hex
val enc_asm =
   ⊢ ... ... tinyC LN tiny_stackprog tiny_bm =
     SOME ([72w; 137w; 200w; ... ],1868,[4w],... ,... ): thm
val bk_from_stack =
   ⊢ ∃c1.
       ... ... tiny_stackprog tiny_bm = SOME ([72w; ... ],... ,... ) ∧
       LENGTH [72w; ... ] = 1868 ∧ LENGTH [4w] = 1: thm
bk_from_stack: ⊢ ∃c1.
    ... ... tiny_stackprog tiny_bm = SOME ([72w; ... ],... ,... ) ∧
    LENGTH [72w; ... ] = 1868 ∧ LENGTH [4w] = 1
<<HOL message: inventing new type variable names: 'a, 'b>>
val tiny_compile_prog_max_concrete =
   ⊢ mc.target.config = x64_config ⇒
     ∃c1. ... ... mc tinyProg = (SOME (... ,... ),tiny_stackmax): thm

===== MILESTONE THEOREM (byte list shown as head..tail) =====
val ms_concl =
   “mc.target.config = x64_config ⇒
    ∃c1.
      compile_prog_max tinyC mc tinyProg =
      (SOME
         ([72w; 137w; 200w; 72w; 41w; 240w; 72w; 193w; 232w; 4w; 72w; 193w;
           224w; 3w; 72w; 1w; 240w; 65w; 184w; 248w; 7w; 0w; 0w; 76w; 1w;
           198w; 76w; 41w; 193w; 72w; 57w; 242w; 15w; 130w; 18w; 0w; 0w; 0w;
           72w; 57w; 209w; 15w; 131w; 3w; 0w; 0w; 0w; 72w; 137w; 194w; 233w;
           5w; 0w; 0w; 0w; 144w; 72w; 137w; 194w; 144w; 184w; 248w; 7w; 0w;
           0w; 72w; 41w; 198w; 72w; 1w; 193w; 72w; 137w; 208w; 72w; 41w;
           240w; 73w; 184w; 248w; 255w; 255w; 255w; 255w; 255w; 255w; 0w;
           73w; 57w; 192w; 15w; 131w; 6w; 0w; ... ],[4w],c1),tiny_stackmax)”:
   term
LHS/structure: mc.target.config = x64_config ==> ?c1. compile_prog_max tinyC mc tinyProg = (SOME(<BYTES>, <bm1 len=1>, c1), tiny_stackmax)
BYTES: length=1868 head6=[72,137,200,72,41,240] tail6=[73,131,198,16,255,224]
val allnum = true: bool
every byte element is a concrete numeral (n2w N): true
val hasRAA = false: bool
val axs = []: string list
val ors = ["DISK_THM"]: string list
val nhyp = 0: int
MILESTONE oracles=[DISK_THM] axioms=[] hyps=0 reg_alloc_aux=FALSE-GOOD bytes=1868 concrete=true
val pts =
   ⊢ compile_prog_max c mc pan_code = (SOME (bytes,bitmaps,c'),stack_max) ∧
     pancake_good_code pan_code ∧ distinct_params (functions pan_code) ∧
     ALL_DISTINCT (MAP FST (functions pan_code)) ∧ s.code = FEMPTY ∧
     s.locals = FEMPTY ∧ s.globals = FEMPTY ∧
     size_of_eids pan_code < dimword (:64) ∧
     FDOM s.eshapes = FDOM (get_eids (functions pan_code)) ∧
     backend_config_ok mc.target.config c ∧ mc_conf_ok mc ∧
     mc_init_ok mc.target.config c mc ∧ mc.target.config.ISA ≠ Ag32 ∧
     0w <₊ mc.target.get_reg ms mc.len_reg ∧
     globals_size =
     (let
        dec_shs = dec_shapes pan_code;
        struct_ctxt = decs_stcnames [] pan_code
      in
        SUM (MAP (size_of_sh_with_ctxt (THE struct_ctxt)) dec_shs)) ∧
     mc.target.get_reg ms mc.len_reg <₊ mc.target.get_reg ms mc.ptr2_reg ∧
     mc.target.get_reg ms mc.len_reg = s.base_addr ∧
     globals_allocatable s pan_code ∧
     heap_len =
     w2n (mc.target.get_reg ms mc.ptr2_reg + -1w * s.base_addr) DIV
     (dimindex (:64) DIV 8) ∧
     s.top_addr =
     s.base_addr + bytes_in_word * n2w heap_len −
     n2w (globals_size * dimindex (:64) DIV 8) ∧ globals_size ≤ heap_len ∧
     s.memaddrs =
     addresses (mc.target.get_reg ms mc.len_reg) (heap_len − globals_size) ∧
     aligned (shift (:64) + 1)
       (mc.target.get_reg ms mc.ptr2_reg +
        -1w * mc.target.get_reg ms mc.len_reg) ∧
     adj_ptr2 =
     mc.target.get_reg ms mc.len_reg + bytes_in_word * n2w max_stack_alloc ∧
     adj_ptr4 =
     mc.target.get_reg ms mc.len2_reg − bytes_in_word * n2w max_stack_alloc ∧
     adj_ptr2 ≤₊ mc.target.get_reg ms mc.ptr2_reg ∧
     mc.target.get_reg ms mc.ptr2_reg ≤₊ adj_ptr4 ∧
     w2n
       (mc.target.get_reg ms mc.ptr2_reg +
        -1w * mc.target.get_reg ms mc.len_reg) ≤
     w2n bytes_in_word * (2 * max_heap_limit (:64) c.data_conf − 1) ∧
     w2n bytes_in_word * (2 * max_heap_limit (:64) c.data_conf − 1) <
     dimword (:64) ∧ s.ffi = ffi ∧ (mc.target.config.big_endian ⇔ s.be) ∧
     OPTION_ALL (EVERY (λx. ∃s. x = ExtCall s)) c.lab_conf.ffi_names ∧
     pan_installed bytes cbspace bitmaps data_sp c'.lab_conf.ffi_names
       (heap_regs c.stack_conf.reg_names) mc c'.lab_conf.shmem_extra ms
       (wlab_wloc ∘ s.memory) s.memaddrs s.sh_memaddrs ∧ start = «main» ∧
     semantics_decls s start pan_code ≠ Fail ⇒
     machine_sem mc ffi ms ⊆
     extend_with_resource_limit'
       (option_lt stack_max
          (SOME (FST (read_limits mc.target.config c mc ms))))
       {semantics_decls s start pan_code}: thm
val pts_i =
   ⊢ compile_prog_max tinyC mc tinyProg =
     (SOME
        ([72w; 137w; 200w; 72w; 41w; 240w; 72w; 193w; 232w; 4w; 72w; 193w;
          224w; 3w; 72w; 1w; 240w; 65w; 184w; 248w; 7w; 0w; 0w; 76w; 1w;
          198w; 76w; 41w; 193w; 72w; 57w; 242w; 15w; 130w; 18w; 0w; 0w; 0w;
          72w; 57w; 209w; 15w; 131w; 3w; 0w; 0w; 0w; 72w; 137w; 194w; 233w;
          5w; 0w; 0w; 0w; 144w; 72w; 137w; 194w; 144w; 184w; 248w; 7w; 0w;
          0w; 72w; 41w; 198w; 72w; 1w; 193w; 72w; 137w; 208w; 72w; 41w; 240w;
          73w; 184w; 248w; 255w; 255w; 255w; 255w; 255w; 255w; 0w; 73w; 57w;
          192w; 15w; 131w; 6w; 0w; ... ],[4w],c'),tiny_stackmax) ∧
     pancake_good_code tinyProg ∧ distinct_params (functions tinyProg) ∧
     ALL_DISTINCT (MAP FST (functions tinyProg)) ∧ s.code = FEMPTY ∧
     s.locals = FEMPTY ∧ s.globals = FEMPTY ∧
     size_of_eids tinyProg < dimword (:64) ∧
     FDOM s.eshapes = FDOM (get_eids (functions tinyProg)) ∧
     backend_config_ok mc.target.config tinyC ∧ mc_conf_ok mc ∧
     mc_init_ok mc.target.config tinyC mc ∧ mc.target.config.ISA ≠ Ag32 ∧
     0w <₊ mc.target.get_reg ms mc.len_reg ∧
     globals_size =
     (let
        dec_shs = dec_shapes tinyProg;
        struct_ctxt = decs_stcnames [] tinyProg
      in
        SUM (MAP (size_of_sh_with_ctxt (THE struct_ctxt)) dec_shs)) ∧
     mc.target.get_reg ms mc.len_reg <₊ mc.target.get_reg ms mc.ptr2_reg ∧
     mc.target.get_reg ms mc.len_reg = s.base_addr ∧
     globals_allocatable s tinyProg ∧
     heap_len =
     w2n (mc.target.get_reg ms mc.ptr2_reg + -1w * s.base_addr) DIV
     (dimindex (:64) DIV 8) ∧
     s.top_addr =
     s.base_addr + bytes_in_word * n2w heap_len −
     n2w (globals_size * dimindex (:64) DIV 8) ∧ globals_size ≤ heap_len ∧
     s.memaddrs =
     addresses (mc.target.get_reg ms mc.len_reg) (heap_len − globals_size) ∧
     aligned (shift (:64) + 1)
       (mc.target.get_reg ms mc.ptr2_reg +
        -1w * mc.target.get_reg ms mc.len_reg) ∧
     adj_ptr2 =
     mc.target.get_reg ms mc.len_reg + bytes_in_word * n2w max_stack_alloc ∧
     adj_ptr4 =
     mc.target.get_reg ms mc.len2_reg − bytes_in_word * n2w max_stack_alloc ∧
     adj_ptr2 ≤₊ mc.target.get_reg ms mc.ptr2_reg ∧
     mc.target.get_reg ms mc.ptr2_reg ≤₊ adj_ptr4 ∧
     w2n
       (mc.target.get_reg ms mc.ptr2_reg +
        -1w * mc.target.get_reg ms mc.len_reg) ≤
     w2n bytes_in_word * (2 * max_heap_limit (:64) tinyC.data_conf − 1) ∧
     w2n bytes_in_word * (2 * max_heap_limit (:64) tinyC.data_conf − 1) <
     dimword (:64) ∧ s.ffi = ffi ∧ (mc.target.config.big_endian ⇔ s.be) ∧
     OPTION_ALL (EVERY (λx. ∃s. x = ExtCall s)) tinyC.lab_conf.ffi_names ∧
     pan_installed
       [72w; 137w; 200w; 72w; 41w; 240w; 72w; 193w; 232w; 4w; 72w; 193w;
        224w; 3w; 72w; 1w; 240w; 65w; 184w; 248w; 7w; 0w; 0w; 76w; 1w; 198w;
        76w; 41w; 193w; 72w; 57w; 242w; 15w; 130w; 18w; 0w; 0w; 0w; 72w; 57w;
        209w; 15w; 131w; 3w; 0w; 0w; 0w; 72w; 137w; 194w; 233w; 5w; 0w; 0w;
        ... ] cbspace [4w] data_sp c'.lab_conf.ffi_names
       (heap_regs tinyC.stack_conf.reg_names) mc c'.lab_conf.shmem_extra ms
       (wlab_wloc ∘ s.memory) s.memaddrs s.sh_memaddrs ∧ start = «main» ∧
     semantics_decls s start tinyProg ≠ Fail ⇒
     machine_sem mc ffi ms ⊆
     extend_with_resource_limit'
       (option_lt tiny_stackmax
          (SOME (FST (read_limits mc.target.config tinyC mc ms))))
       {semantics_decls s start tinyProg}: thm
val ante =
   “compile_prog_max tinyC mc tinyProg =
    (SOME
       ([72w; 137w; 200w; 72w; 41w; 240w; 72w; 193w; 232w; 4w; 72w; 193w;
         224w; 3w; 72w; 1w; 240w; 65w; 184w; 248w; 7w; 0w; 0w; 76w; 1w; 198w;
         76w; 41w; 193w; 72w; 57w; 242w; 15w; 130w; 18w; 0w; 0w; 0w; 72w;
         57w; 209w; 15w; 131w; 3w; 0w; 0w; 0w; 72w; 137w; 194w; 233w; 5w; 0w;
         0w; 0w; 144w; 72w; 137w; 194w; 144w; 184w; 248w; 7w; 0w; 0w; 72w;
         41w; 198w; 72w; 1w; 193w; 72w; 137w; 208w; 72w; 41w; 240w; 73w;
         184w; 248w; 255w; 255w; 255w; 255w; 255w; 255w; 0w; 73w; 57w; 192w;
         15w; 131w; 6w; 0w; 0w; ... ],[4w],c'),tiny_stackmax) ∧
    pancake_good_code tinyProg ∧ distinct_params (functions tinyProg) ∧
    ALL_DISTINCT (MAP FST (functions tinyProg)) ∧ s.code = FEMPTY ∧
    s.locals = FEMPTY ∧ s.globals = FEMPTY ∧
    size_of_eids tinyProg < dimword (:64) ∧
    FDOM s.eshapes = FDOM (get_eids (functions tinyProg)) ∧
    backend_config_ok mc.target.config tinyC ∧ mc_conf_ok mc ∧
    mc_init_ok mc.target.config tinyC mc ∧ mc.target.config.ISA ≠ Ag32 ∧
    0w <₊ mc.target.get_reg ms mc.len_reg ∧
    globals_size =
    (let
       dec_shs = dec_shapes tinyProg;
       struct_ctxt = decs_stcnames [] tinyProg
     in
       SUM (MAP (size_of_sh_with_ctxt (THE struct_ctxt)) dec_shs)) ∧
    mc.target.get_reg ms mc.len_reg <₊ mc.target.get_reg ms mc.ptr2_reg ∧
    mc.target.get_reg ms mc.len_reg = s.base_addr ∧
    globals_allocatable s tinyProg ∧
    heap_len =
    w2n (mc.target.get_reg ms mc.ptr2_reg + -1w * s.base_addr) DIV
    (dimindex (:64) DIV 8) ∧
    s.top_addr =
    s.base_addr + bytes_in_word * n2w heap_len −
    n2w (globals_size * dimindex (:64) DIV 8) ∧ globals_size ≤ heap_len ∧
    s.memaddrs =
    addresses (mc.target.get_reg ms mc.len_reg) (heap_len − globals_size) ∧
    aligned (shift (:64) + 1)
      (mc.target.get_reg ms mc.ptr2_reg +
       -1w * mc.target.get_reg ms mc.len_reg) ∧
    adj_ptr2 =
    mc.target.get_reg ms mc.len_reg + bytes_in_word * n2w max_stack_alloc ∧
    adj_ptr4 =
    mc.target.get_reg ms mc.len2_reg − bytes_in_word * n2w max_stack_alloc ∧
    adj_ptr2 ≤₊ mc.target.get_reg ms mc.ptr2_reg ∧
    mc.target.get_reg ms mc.ptr2_reg ≤₊ adj_ptr4 ∧
    w2n
      (mc.target.get_reg ms mc.ptr2_reg +
       -1w * mc.target.get_reg ms mc.len_reg) ≤
    w2n bytes_in_word * (2 * max_heap_limit (:64) tinyC.data_conf − 1) ∧
    w2n bytes_in_word * (2 * max_heap_limit (:64) tinyC.data_conf − 1) <
    dimword (:64) ∧ s.ffi = ffi ∧ (mc.target.config.big_endian ⇔ s.be) ∧
    OPTION_ALL (EVERY (λx. ∃s. x = ExtCall s)) tinyC.lab_conf.ffi_names ∧
    pan_installed
      [72w; 137w; 200w; 72w; 41w; 240w; 72w; 193w; 232w; 4w; 72w; 193w; 224w;
       3w; 72w; 1w; 240w; 65w; 184w; 248w; 7w; 0w; 0w; 76w; 1w; 198w; 76w;
       41w; 193w; 72w; 57w; 242w; 15w; 130w; 18w; 0w; 0w; 0w; 72w; 57w; 209w;
       15w; 131w; 3w; 0w; 0w; 0w; 72w; 137w; 194w; 233w; 5w; 0w; 0w; 0w;
       ... ] cbspace [4w] data_sp c'.lab_conf.ffi_names
      (heap_regs tinyC.stack_conf.reg_names) mc c'.lab_conf.shmem_extra ms
      (wlab_wloc ∘ s.memory) s.memaddrs s.sh_memaddrs ∧ start = «main» ∧
    semantics_decls s start tinyProg ≠ Fail”: term
val cncl =
   “machine_sem mc ffi ms ⊆
    extend_with_resource_limit'
      (option_lt tiny_stackmax
         (SOME (FST (read_limits mc.target.config tinyC mc ms))))
      {semantics_decls s start tinyProg}”: term
val conjs =
   [“compile_prog_max tinyC mc tinyProg =
     (SOME
        ([72w; 137w; 200w; 72w; 41w; 240w; 72w; 193w; 232w; 4w; 72w; 193w;
          224w; 3w; 72w; 1w; 240w; 65w; 184w; 248w; 7w; 0w; 0w; 76w; 1w;
          198w; 76w; 41w; 193w; 72w; 57w; 242w; 15w; 130w; 18w; 0w; 0w; 0w;
          72w; 57w; 209w; 15w; 131w; 3w; 0w; 0w; 0w; 72w; 137w; 194w; 233w;
          5w; 0w; 0w; 0w; 144w; 72w; 137w; 194w; 144w; 184w; 248w; 7w; 0w;
          0w; 72w; 41w; 198w; 72w; 1w; 193w; 72w; 137w; 208w; 72w; 41w; 240w;
          73w; 184w; 248w; 255w; 255w; 255w; 255w; 255w; 255w; 0w; 73w; 57w;
          192w; 15w; 131w; 6w; 0w; 0w; 0w; ... ],[4w],c'),tiny_stackmax)”,
    “pancake_good_code tinyProg”, “distinct_params (functions tinyProg)”,
    “ALL_DISTINCT (MAP FST (functions tinyProg))”, “s.code = FEMPTY”,
    “s.locals = FEMPTY”, “s.globals = FEMPTY”,
    “size_of_eids tinyProg < dimword (:64)”,
    “FDOM s.eshapes = FDOM (get_eids (functions tinyProg))”,
    “backend_config_ok mc.target.config tinyC”, “mc_conf_ok mc”,
    “mc_init_ok mc.target.config tinyC mc”, “mc.target.config.ISA ≠ Ag32”,
    “0w <₊ mc.target.get_reg ms mc.len_reg”,
    “globals_size =
     (let
        dec_shs = dec_shapes tinyProg;
        struct_ctxt = decs_stcnames [] tinyProg
      in
        SUM (MAP (size_of_sh_with_ctxt (THE struct_ctxt)) dec_shs))”,
    “mc.target.get_reg ms mc.len_reg <₊ mc.target.get_reg ms mc.ptr2_reg”,
    “mc.target.get_reg ms mc.len_reg = s.base_addr”,
    “globals_allocatable s tinyProg”,
    “heap_len =
     w2n (mc.target.get_reg ms mc.ptr2_reg + -1w * s.base_addr) DIV
     (dimindex (:64) DIV 8)”,
    “s.top_addr =
     s.base_addr + bytes_in_word * n2w heap_len −
     n2w (globals_size * dimindex (:64) DIV 8)”, “globals_size ≤ heap_len”,
    “s.memaddrs =
     addresses (mc.target.get_reg ms mc.len_reg) (heap_len − globals_size)”,
    “aligned (shift (:64) + 1)
       (mc.target.get_reg ms mc.ptr2_reg +
        -1w * mc.target.get_reg ms mc.len_reg)”,
    “adj_ptr2 =
     mc.target.get_reg ms mc.len_reg + bytes_in_word * n2w max_stack_alloc”,
    “adj_ptr4 =
     mc.target.get_reg ms mc.len2_reg − bytes_in_word * n2w max_stack_alloc”,
    “adj_ptr2 ≤₊ mc.target.get_reg ms mc.ptr2_reg”,
    “mc.target.get_reg ms mc.ptr2_reg ≤₊ adj_ptr4”,
    “w2n
       (mc.target.get_reg ms mc.ptr2_reg +
        -1w * mc.target.get_reg ms mc.len_reg) ≤
     w2n bytes_in_word * (2 * max_heap_limit (:64) tinyC.data_conf − 1)”,
    “w2n bytes_in_word * (2 * max_heap_limit (:64) tinyC.data_conf − 1) <
     dimword (:64)”, “s.ffi = ffi”, “mc.target.config.big_endian ⇔ s.be”,
    “OPTION_ALL (EVERY (λx. ∃s. x = ExtCall s)) tinyC.lab_conf.ffi_names”,
    “pan_installed
       [72w; 137w; 200w; 72w; 41w; 240w; 72w; 193w; 232w; 4w; 72w; 193w;
        224w; 3w; 72w; 1w; 240w; 65w; 184w; 248w; 7w; 0w; 0w; 76w; 1w; 198w;
        76w; 41w; 193w; 72w; 57w; 242w; 15w; 130w; 18w; 0w; 0w; 0w; 72w; 57w;
        209w; 15w; 131w; 3w; 0w; 0w; 0w; 72w; 137w; 194w; 233w; 5w; 0w; 0w;
        0w; 144w; 72w; 137w; 194w; 144w; 184w; 248w; 7w; 0w; 0w; 72w; 41w;
        198w; 72w; 1w; 193w; 72w; 137w; 208w; 72w; 41w; 240w; 73w; 184w;
        248w; 255w; 255w; 255w; 255w; 255w; 255w; 0w; 73w; ... ] cbspace [4w]
       data_sp c'.lab_conf.ffi_names (heap_regs tinyC.stack_conf.reg_names)
       mc c'.lab_conf.shmem_extra ms (wlab_wloc ∘ s.memory) s.memaddrs
       s.sh_memaddrs”, “start = «main»”,
    “semantics_decls s start tinyProg ≠ Fail”]: term list
val is_compile = fn: term -> bool
<<HOL message: inventing new type variable names: 'a, 'b, 'c>>
val compile_conj =
   “compile_prog_max tinyC mc tinyProg =
    (SOME
       ([72w; 137w; 200w; 72w; 41w; 240w; 72w; 193w; 232w; 4w; 72w; 193w;
         224w; 3w; 72w; 1w; 240w; 65w; 184w; 248w; 7w; 0w; 0w; 76w; 1w; 198w;
         76w; 41w; 193w; 72w; 57w; 242w; 15w; 130w; 18w; 0w; 0w; 0w; 72w;
         57w; 209w; 15w; 131w; 3w; 0w; 0w; 0w; 72w; 137w; 194w; 233w; 5w; 0w;
         0w; 0w; 144w; 72w; 137w; 194w; 144w; 184w; 248w; 7w; 0w; 0w; 72w;
         41w; 198w; 72w; 1w; 193w; 72w; 137w; 208w; 72w; 41w; 240w; 73w;
         184w; 248w; 255w; 255w; 255w; 255w; 255w; 255w; 0w; 73w; 57w; 192w;
         15w; 131w; 6w; 0w; 0w; 0w; ... ],[4w],c'),tiny_stackmax)”: term
<<HOL message: inventing new type variable names: 'a, 'b, 'c>>
<<HOL message: inventing new type variable names: 'a, 'b, 'c>>
<<HOL message: inventing new type variable names: 'a, 'b, 'c>>
<<HOL message: inventing new type variable names: 'a, 'b, 'c>>
<<HOL message: inventing new type variable names: 'a, 'b, 'c>>
<<HOL message: inventing new type variable names: 'a, 'b, 'c>>
<<HOL message: inventing new type variable names: 'a, 'b, 'c>>
<<HOL message: inventing new type variable names: 'a, 'b, 'c>>
<<HOL message: inventing new type variable names: 'a, 'b, 'c>>
<<HOL message: inventing new type variable names: 'a, 'b, 'c>>
<<HOL message: inventing new type variable names: 'a, 'b, 'c>>
<<HOL message: inventing new type variable names: 'a, 'b, 'c>>
<<HOL message: inventing new type variable names: 'a, 'b, 'c>>
<<HOL message: inventing new type variable names: 'a, 'b, 'c>>
<<HOL message: inventing new type variable names: 'a, 'b, 'c>>
val rest =
   [“pancake_good_code tinyProg”, “distinct_params (functions tinyProg)”,
    “ALL_DISTINCT (MAP FST (functions tinyProg))”, “s.code = FEMPTY”,
    “s.locals = FEMPTY”, “s.globals = FEMPTY”,
    “size_of_eids tinyProg < dimword (:64)”,
    “FDOM s.eshapes = FDOM (get_eids (functions tinyProg))”,
    “backend_config_ok mc.target.config tinyC”, “mc_conf_ok mc”,
    “mc_init_ok mc.target.config tinyC mc”, “mc.target.config.ISA ≠ Ag32”,
    “0w <₊ mc.target.get_reg ms mc.len_reg”,
    “globals_size =
     (let
        dec_shs = dec_shapes tinyProg;
        struct_ctxt = decs_stcnames [] tinyProg
      in
        SUM (MAP (size_of_sh_with_ctxt (THE struct_ctxt)) dec_shs))”,
    “mc.target.get_reg ms mc.len_reg <₊ mc.target.get_reg ms mc.ptr2_reg”,
    “mc.target.get_reg ms mc.len_reg = s.base_addr”,
    “globals_allocatable s tinyProg”,
    “heap_len =
     w2n (mc.target.get_reg ms mc.ptr2_reg + -1w * s.base_addr) DIV
     (dimindex (:64) DIV 8)”,
    “s.top_addr =
     s.base_addr + bytes_in_word * n2w heap_len −
     n2w (globals_size * dimindex (:64) DIV 8)”, “globals_size ≤ heap_len”,
    “s.memaddrs =
     addresses (mc.target.get_reg ms mc.len_reg) (heap_len − globals_size)”,
    “aligned (shift (:64) + 1)
       (mc.target.get_reg ms mc.ptr2_reg +
        -1w * mc.target.get_reg ms mc.len_reg)”,
    “adj_ptr2 =
     mc.target.get_reg ms mc.len_reg + bytes_in_word * n2w max_stack_alloc”,
    “adj_ptr4 =
     mc.target.get_reg ms mc.len2_reg − bytes_in_word * n2w max_stack_alloc”,
    “adj_ptr2 ≤₊ mc.target.get_reg ms mc.ptr2_reg”,
    “mc.target.get_reg ms mc.ptr2_reg ≤₊ adj_ptr4”,
    “w2n
       (mc.target.get_reg ms mc.ptr2_reg +
        -1w * mc.target.get_reg ms mc.len_reg) ≤
     w2n bytes_in_word * (2 * max_heap_limit (:64) tinyC.data_conf − 1)”,
    “w2n bytes_in_word * (2 * max_heap_limit (:64) tinyC.data_conf − 1) <
     dimword (:64)”, “s.ffi = ffi”, “mc.target.config.big_endian ⇔ s.be”,
    “OPTION_ALL (EVERY (λx. ∃s. x = ExtCall s)) tinyC.lab_conf.ffi_names”,
    “pan_installed
       [72w; 137w; 200w; 72w; 41w; 240w; 72w; 193w; 232w; 4w; 72w; 193w;
        224w; 3w; 72w; 1w; 240w; 65w; 184w; 248w; 7w; 0w; 0w; 76w; 1w; 198w;
        76w; 41w; 193w; 72w; 57w; 242w; 15w; 130w; 18w; 0w; 0w; 0w; 72w; 57w;
        209w; 15w; 131w; 3w; 0w; 0w; 0w; 72w; 137w; 194w; 233w; 5w; 0w; 0w;
        0w; 144w; 72w; 137w; 194w; 144w; 184w; 248w; 7w; 0w; 0w; 72w; 41w;
        198w; 72w; 1w; 193w; 72w; 137w; 208w; 72w; 41w; 240w; 73w; 184w;
        248w; 255w; 255w; 255w; 255w; 255w; 255w; 0w; 73w; ... ] cbspace [4w]
       data_sp c'.lab_conf.ffi_names (heap_regs tinyC.stack_conf.reg_names)
       mc c'.lab_conf.shmem_extra ms (wlab_wloc ∘ s.memory) s.memaddrs
       s.sh_memaddrs”, “start = «main»”,
    “semantics_decls s start tinyProg ≠ Fail”]: term list
val cprime = “c'”: term
cprime var = c'
val rest_tm =
   “pancake_good_code tinyProg ∧ distinct_params (functions tinyProg) ∧
    ALL_DISTINCT (MAP FST (functions tinyProg)) ∧ s.code = FEMPTY ∧
    s.locals = FEMPTY ∧ s.globals = FEMPTY ∧
    size_of_eids tinyProg < dimword (:64) ∧
    FDOM s.eshapes = FDOM (get_eids (functions tinyProg)) ∧
    backend_config_ok mc.target.config tinyC ∧ mc_conf_ok mc ∧
    mc_init_ok mc.target.config tinyC mc ∧ mc.target.config.ISA ≠ Ag32 ∧
    0w <₊ mc.target.get_reg ms mc.len_reg ∧
    globals_size =
    (let
       dec_shs = dec_shapes tinyProg;
       struct_ctxt = decs_stcnames [] tinyProg
     in
       SUM (MAP (size_of_sh_with_ctxt (THE struct_ctxt)) dec_shs)) ∧
    mc.target.get_reg ms mc.len_reg <₊ mc.target.get_reg ms mc.ptr2_reg ∧
    mc.target.get_reg ms mc.len_reg = s.base_addr ∧
    globals_allocatable s tinyProg ∧
    heap_len =
    w2n (mc.target.get_reg ms mc.ptr2_reg + -1w * s.base_addr) DIV
    (dimindex (:64) DIV 8) ∧
    s.top_addr =
    s.base_addr + bytes_in_word * n2w heap_len −
    n2w (globals_size * dimindex (:64) DIV 8) ∧ globals_size ≤ heap_len ∧
    s.memaddrs =
    addresses (mc.target.get_reg ms mc.len_reg) (heap_len − globals_size) ∧
    aligned (shift (:64) + 1)
      (mc.target.get_reg ms mc.ptr2_reg +
       -1w * mc.target.get_reg ms mc.len_reg) ∧
    adj_ptr2 =
    mc.target.get_reg ms mc.len_reg + bytes_in_word * n2w max_stack_alloc ∧
    adj_ptr4 =
    mc.target.get_reg ms mc.len2_reg − bytes_in_word * n2w max_stack_alloc ∧
    adj_ptr2 ≤₊ mc.target.get_reg ms mc.ptr2_reg ∧
    mc.target.get_reg ms mc.ptr2_reg ≤₊ adj_ptr4 ∧
    w2n
      (mc.target.get_reg ms mc.ptr2_reg +
       -1w * mc.target.get_reg ms mc.len_reg) ≤
    w2n bytes_in_word * (2 * max_heap_limit (:64) tinyC.data_conf − 1) ∧
    w2n bytes_in_word * (2 * max_heap_limit (:64) tinyC.data_conf − 1) <
    dimword (:64) ∧ s.ffi = ffi ∧ (mc.target.config.big_endian ⇔ s.be) ∧
    OPTION_ALL (EVERY (λx. ∃s. x = ExtCall s)) tinyC.lab_conf.ffi_names ∧
    pan_installed
      [72w; 137w; 200w; 72w; 41w; 240w; 72w; 193w; 232w; 4w; 72w; 193w; 224w;
       3w; 72w; 1w; 240w; 65w; 184w; 248w; 7w; 0w; 0w; 76w; 1w; 198w; 76w;
       41w; 193w; 72w; 57w; 242w; 15w; 130w; 18w; 0w; 0w; 0w; 72w; 57w; 209w;
       15w; 131w; 3w; 0w; 0w; 0w; 72w; 137w; 194w; 233w; 5w; 0w; 0w; 0w;
       144w; ... ] cbspace [4w] data_sp c'.lab_conf.ffi_names
      (heap_regs tinyC.stack_conf.reg_names) mc c'.lab_conf.shmem_extra ms
      (wlab_wloc ∘ s.memory) s.memaddrs s.sh_memaddrs ∧ start = «main» ∧
    semantics_decls s start tinyProg ≠ Fail”: term
val bco = “backend_config_ok mc.target.config tinyC”: term
val mtc_tm = “mc.target.config”: term
val hyp_tm = “mc.target.config = x64_config”: term
val ms_goal =
   “mc.target.config = x64_config ⇒
    ∃c'.
      pancake_good_code tinyProg ∧ distinct_params (functions tinyProg) ∧
      ALL_DISTINCT (MAP FST (functions tinyProg)) ∧ s.code = FEMPTY ∧
      s.locals = FEMPTY ∧ s.globals = FEMPTY ∧
      size_of_eids tinyProg < dimword (:64) ∧
      FDOM s.eshapes = FDOM (get_eids (functions tinyProg)) ∧
      backend_config_ok mc.target.config tinyC ∧ mc_conf_ok mc ∧
      mc_init_ok mc.target.config tinyC mc ∧ mc.target.config.ISA ≠ Ag32 ∧
      0w <₊ mc.target.get_reg ms mc.len_reg ∧
      globals_size =
      (let
         dec_shs = dec_shapes tinyProg;
         struct_ctxt = decs_stcnames [] tinyProg
       in
         SUM (MAP (size_of_sh_with_ctxt (THE struct_ctxt)) dec_shs)) ∧
      mc.target.get_reg ms mc.len_reg <₊ mc.target.get_reg ms mc.ptr2_reg ∧
      mc.target.get_reg ms mc.len_reg = s.base_addr ∧
      globals_allocatable s tinyProg ∧
      heap_len =
      w2n (mc.target.get_reg ms mc.ptr2_reg + -1w * s.base_addr) DIV
      (dimindex (:64) DIV 8) ∧
      s.top_addr =
      s.base_addr + bytes_in_word * n2w heap_len −
      n2w (globals_size * dimindex (:64) DIV 8) ∧ globals_size ≤ heap_len ∧
      s.memaddrs =
      addresses (mc.target.get_reg ms mc.len_reg) (heap_len − globals_size) ∧
      aligned (shift (:64) + 1)
        (mc.target.get_reg ms mc.ptr2_reg +
         -1w * mc.target.get_reg ms mc.len_reg) ∧
      adj_ptr2 =
      mc.target.get_reg ms mc.len_reg + bytes_in_word * n2w max_stack_alloc ∧
      adj_ptr4 =
      mc.target.get_reg ms mc.len2_reg − bytes_in_word * n2w max_stack_alloc ∧
      adj_ptr2 ≤₊ mc.target.get_reg ms mc.ptr2_reg ∧
      mc.target.get_reg ms mc.ptr2_reg ≤₊ adj_ptr4 ∧
      w2n
        (mc.target.get_reg ms mc.ptr2_reg +
         -1w * mc.target.get_reg ms mc.len_reg) ≤
      w2n bytes_in_word * (2 * max_heap_limit (:64) tinyC.data_conf − 1) ∧
      w2n bytes_in_word * (2 * max_heap_limit (:64) tinyC.data_conf − 1) <
      dimword (:64) ∧ s.ffi = ffi ∧ (mc.target.config.big_endian ⇔ s.be) ∧
      OPTION_ALL (EVERY (λx. ∃s. x = ExtCall s)) tinyC.lab_conf.ffi_names ∧
      pan_installed
        [72w; 137w; 200w; 72w; 41w; 240w; 72w; 193w; 232w; 4w; 72w; 193w;
         224w; 3w; 72w; 1w; 240w; 65w; 184w; 248w; 7w; 0w; 0w; 76w; 1w; 198w;
         76w; 41w; 193w; 72w; 57w; 242w; 15w; 130w; 18w; 0w; 0w; 0w; 72w;
         57w; 209w; 15w; 131w; 3w; 0w; 0w; 0w; 72w; 137w; 194w; 233w; 5w; 0w;
         ... ] cbspace [4w] data_sp c'.lab_conf.ffi_names
        (heap_regs tinyC.stack_conf.reg_names) mc c'.lab_conf.shmem_extra ms
        (wlab_wloc ∘ s.memory) s.memaddrs s.sh_memaddrs ∧ start = «main» ∧
      semantics_decls s start tinyProg ≠ Fail ⇒
      machine_sem mc ffi ms ⊆
      extend_with_resource_limit'
        (option_lt tiny_stackmax
           (SOME (FST (read_limits mc.target.config tinyC mc ms))))
        {semantics_decls s start tinyProg}”: term
val tiny_bytes_machine_code_concrete =
   ⊢ mc.target.config = x64_config ⇒
     ∃c'.
       pancake_good_code tinyProg ∧ distinct_params (functions tinyProg) ∧
       ALL_DISTINCT (MAP FST (functions tinyProg)) ∧ s.code = FEMPTY ∧
       s.locals = FEMPTY ∧ s.globals = FEMPTY ∧
       size_of_eids tinyProg < dimword (:64) ∧
       FDOM s.eshapes = FDOM (get_eids (functions tinyProg)) ∧
       backend_config_ok mc.target.config tinyC ∧ mc_conf_ok mc ∧
       mc_init_ok mc.target.config tinyC mc ∧ mc.target.config.ISA ≠ Ag32 ∧
       0w <₊ mc.target.get_reg ms mc.len_reg ∧
       globals_size =
       (let
          dec_shs = dec_shapes tinyProg;
          struct_ctxt = decs_stcnames [] tinyProg
        in
          SUM (MAP (size_of_sh_with_ctxt (THE struct_ctxt)) dec_shs)) ∧
       mc.target.get_reg ms mc.len_reg <₊ mc.target.get_reg ms mc.ptr2_reg ∧
       mc.target.get_reg ms mc.len_reg = s.base_addr ∧
       globals_allocatable s tinyProg ∧
       heap_len =
       w2n (mc.target.get_reg ms mc.ptr2_reg + -1w * s.base_addr) DIV
       (dimindex (:64) DIV 8) ∧
       s.top_addr =
       s.base_addr + bytes_in_word * n2w heap_len −
       n2w (globals_size * dimindex (:64) DIV 8) ∧ globals_size ≤ heap_len ∧
       s.memaddrs =
       addresses (mc.target.get_reg ms mc.len_reg) (heap_len − globals_size) ∧
       aligned (shift (:64) + 1)
         (mc.target.get_reg ms mc.ptr2_reg +
          -1w * mc.target.get_reg ms mc.len_reg) ∧
       adj_ptr2 =
       mc.target.get_reg ms mc.len_reg + bytes_in_word * n2w max_stack_alloc ∧
       adj_ptr4 =
       mc.target.get_reg ms mc.len2_reg − bytes_in_word * n2w max_stack_alloc ∧
       adj_ptr2 ≤₊ mc.target.get_reg ms mc.ptr2_reg ∧
       mc.target.get_reg ms mc.ptr2_reg ≤₊ adj_ptr4 ∧
       w2n
         (mc.target.get_reg ms mc.ptr2_reg +
          -1w * mc.target.get_reg ms mc.len_reg) ≤
       w2n bytes_in_word * (2 * max_heap_limit (:64) tinyC.data_conf − 1) ∧
       w2n bytes_in_word * (2 * max_heap_limit (:64) tinyC.data_conf − 1) <
       dimword (:64) ∧ s.ffi = ffi ∧ (mc.target.config.big_endian ⇔ s.be) ∧
       OPTION_ALL (EVERY (λx. ∃s. x = ExtCall s)) tinyC.lab_conf.ffi_names ∧
       pan_installed
         [72w; 137w; 200w; 72w; 41w; 240w; 72w; 193w; 232w; 4w; 72w; 193w;
          224w; 3w; 72w; 1w; 240w; 65w; 184w; 248w; 7w; 0w; 0w; 76w; 1w;
          198w; 76w; 41w; 193w; 72w; 57w; 242w; 15w; 130w; 18w; 0w; 0w; 0w;
          72w; 57w; 209w; 15w; 131w; 3w; 0w; 0w; 0w; 72w; 137w; 194w; 233w;
          5w; 0w; ... ] cbspace [4w] data_sp c'.lab_conf.ffi_names
         (heap_regs tinyC.stack_conf.reg_names) mc c'.lab_conf.shmem_extra ms
         (wlab_wloc ∘ s.memory) s.memaddrs s.sh_memaddrs ∧ start = «main» ∧
       semantics_decls s start tinyProg ≠ Fail ⇒
       machine_sem mc ffi ms ⊆
       extend_with_resource_limit'
         (option_lt tiny_stackmax
            (SOME (FST (read_limits mc.target.config tinyC mc ms))))
         {semantics_decls s start tinyProg}: thm

===== machine_sem CONCRETE THEOREM =====
val ms2 =
   “mc.target.config = x64_config ⇒
    ∃c'.
      pancake_good_code tinyProg ∧ distinct_params (functions tinyProg) ∧
      ALL_DISTINCT (MAP FST (functions tinyProg)) ∧ s.code = FEMPTY ∧
      s.locals = FEMPTY ∧ s.globals = FEMPTY ∧
      size_of_eids tinyProg < dimword (:64) ∧
      FDOM s.eshapes = FDOM (get_eids (functions tinyProg)) ∧
      backend_config_ok mc.target.config tinyC ∧ mc_conf_ok mc ∧
      mc_init_ok mc.target.config tinyC mc ∧ mc.target.config.ISA ≠ Ag32 ∧
      0w <₊ mc.target.get_reg ms mc.len_reg ∧
      globals_size =
      (let
         dec_shs = dec_shapes tinyProg;
         struct_ctxt = decs_stcnames [] tinyProg
       in
         SUM (MAP (size_of_sh_with_ctxt (THE struct_ctxt)) dec_shs)) ∧
      mc.target.get_reg ms mc.len_reg <₊ mc.target.get_reg ms mc.ptr2_reg ∧
      mc.target.get_reg ms mc.len_reg = s.base_addr ∧
      globals_allocatable s tinyProg ∧
      heap_len =
      w2n (mc.target.get_reg ms mc.ptr2_reg + -1w * s.base_addr) DIV
      (dimindex (:64) DIV 8) ∧
      s.top_addr =
      s.base_addr + bytes_in_word * n2w heap_len −
      n2w (globals_size * dimindex (:64) DIV 8) ∧ globals_size ≤ heap_len ∧
      s.memaddrs =
      addresses (mc.target.get_reg ms mc.len_reg) (heap_len − globals_size) ∧
      aligned (shift (:64) + 1)
        (mc.target.get_reg ms mc.ptr2_reg +
         -1w * mc.target.get_reg ms mc.len_reg) ∧
      adj_ptr2 =
      mc.target.get_reg ms mc.len_reg + bytes_in_word * n2w max_stack_alloc ∧
      adj_ptr4 =
      mc.target.get_reg ms mc.len2_reg − bytes_in_word * n2w max_stack_alloc ∧
      adj_ptr2 ≤₊ mc.target.get_reg ms mc.ptr2_reg ∧
      mc.target.get_reg ms mc.ptr2_reg ≤₊ adj_ptr4 ∧
      w2n
        (mc.target.get_reg ms mc.ptr2_reg +
         -1w * mc.target.get_reg ms mc.len_reg) ≤
      w2n bytes_in_word * (2 * max_heap_limit (:64) tinyC.data_conf − 1) ∧
      w2n bytes_in_word * (2 * max_heap_limit (:64) tinyC.data_conf − 1) <
      dimword (:64) ∧ s.ffi = ffi ∧ (mc.target.config.big_endian ⇔ s.be) ∧
      OPTION_ALL (EVERY (λx. ∃s. x = ExtCall s)) tinyC.lab_conf.ffi_names ∧
      pan_installed
        [72w; 137w; 200w; 72w; 41w; 240w; 72w; 193w; 232w; 4w; 72w; 193w;
         224w; 3w; 72w; 1w; 240w; 65w; 184w; 248w; 7w; 0w; 0w; 76w; 1w; 198w;
         76w; 41w; 193w; 72w; 57w; 242w; 15w; 130w; 18w; 0w; 0w; 0w; 72w;
         57w; 209w; 15w; 131w; 3w; 0w; 0w; 0w; 72w; 137w; 194w; 233w; 5w; 0w;
         ... ] cbspace [4w] data_sp c'.lab_conf.ffi_names
        (heap_regs tinyC.stack_conf.reg_names) mc c'.lab_conf.shmem_extra ms
        (wlab_wloc ∘ s.memory) s.memaddrs s.sh_memaddrs ∧ start = «main» ∧
      semantics_decls s start tinyProg ≠ Fail ⇒
      machine_sem mc ffi ms ⊆
      extend_with_resource_limit'
        (option_lt tiny_stackmax
           (SOME (FST (read_limits mc.target.config tinyC mc ms))))
        {semantics_decls s start tinyProg}”: term
val ms2_body =
   “∃c'.
      pancake_good_code tinyProg ∧ distinct_params (functions tinyProg) ∧
      ALL_DISTINCT (MAP FST (functions tinyProg)) ∧ s.code = FEMPTY ∧
      s.locals = FEMPTY ∧ s.globals = FEMPTY ∧
      size_of_eids tinyProg < dimword (:64) ∧
      FDOM s.eshapes = FDOM (get_eids (functions tinyProg)) ∧
      backend_config_ok mc.target.config tinyC ∧ mc_conf_ok mc ∧
      mc_init_ok mc.target.config tinyC mc ∧ mc.target.config.ISA ≠ Ag32 ∧
      0w <₊ mc.target.get_reg ms mc.len_reg ∧
      globals_size =
      (let
         dec_shs = dec_shapes tinyProg;
         struct_ctxt = decs_stcnames [] tinyProg
       in
         SUM (MAP (size_of_sh_with_ctxt (THE struct_ctxt)) dec_shs)) ∧
      mc.target.get_reg ms mc.len_reg <₊ mc.target.get_reg ms mc.ptr2_reg ∧
      mc.target.get_reg ms mc.len_reg = s.base_addr ∧
      globals_allocatable s tinyProg ∧
      heap_len =
      w2n (mc.target.get_reg ms mc.ptr2_reg + -1w * s.base_addr) DIV
      (dimindex (:64) DIV 8) ∧
      s.top_addr =
      s.base_addr + bytes_in_word * n2w heap_len −
      n2w (globals_size * dimindex (:64) DIV 8) ∧ globals_size ≤ heap_len ∧
      s.memaddrs =
      addresses (mc.target.get_reg ms mc.len_reg) (heap_len − globals_size) ∧
      aligned (shift (:64) + 1)
        (mc.target.get_reg ms mc.ptr2_reg +
         -1w * mc.target.get_reg ms mc.len_reg) ∧
      adj_ptr2 =
      mc.target.get_reg ms mc.len_reg + bytes_in_word * n2w max_stack_alloc ∧
      adj_ptr4 =
      mc.target.get_reg ms mc.len2_reg − bytes_in_word * n2w max_stack_alloc ∧
      adj_ptr2 ≤₊ mc.target.get_reg ms mc.ptr2_reg ∧
      mc.target.get_reg ms mc.ptr2_reg ≤₊ adj_ptr4 ∧
      w2n
        (mc.target.get_reg ms mc.ptr2_reg +
         -1w * mc.target.get_reg ms mc.len_reg) ≤
      w2n bytes_in_word * (2 * max_heap_limit (:64) tinyC.data_conf − 1) ∧
      w2n bytes_in_word * (2 * max_heap_limit (:64) tinyC.data_conf − 1) <
      dimword (:64) ∧ s.ffi = ffi ∧ (mc.target.config.big_endian ⇔ s.be) ∧
      OPTION_ALL (EVERY (λx. ∃s. x = ExtCall s)) tinyC.lab_conf.ffi_names ∧
      pan_installed
        [72w; 137w; 200w; 72w; 41w; 240w; 72w; 193w; 232w; 4w; 72w; 193w;
         224w; 3w; 72w; 1w; 240w; 65w; 184w; 248w; 7w; 0w; 0w; 76w; 1w; 198w;
         76w; 41w; 193w; 72w; 57w; 242w; 15w; 130w; 18w; 0w; 0w; 0w; 72w;
         57w; 209w; 15w; 131w; 3w; 0w; 0w; 0w; 72w; 137w; 194w; 233w; 5w; 0w;
         0w; ... ] cbspace [4w] data_sp c'.lab_conf.ffi_names
        (heap_regs tinyC.stack_conf.reg_names) mc c'.lab_conf.shmem_extra ms
        (wlab_wloc ∘ s.memory) s.memaddrs s.sh_memaddrs ∧ start = «main» ∧
      semantics_decls s start tinyProg ≠ Fail ⇒
      machine_sem mc ffi ms ⊆
      extend_with_resource_limit'
        (option_lt tiny_stackmax
           (SOME (FST (read_limits mc.target.config tinyC mc ms))))
        {semantics_decls s start tinyProg}”: term
val ms2_hyp = “mc.target.config = x64_config”: term
val ms2_c1 = “c'”: term
val ms2_imp =
   “pancake_good_code tinyProg ∧ distinct_params (functions tinyProg) ∧
    ALL_DISTINCT (MAP FST (functions tinyProg)) ∧ s.code = FEMPTY ∧
    s.locals = FEMPTY ∧ s.globals = FEMPTY ∧
    size_of_eids tinyProg < dimword (:64) ∧
    FDOM s.eshapes = FDOM (get_eids (functions tinyProg)) ∧
    backend_config_ok mc.target.config tinyC ∧ mc_conf_ok mc ∧
    mc_init_ok mc.target.config tinyC mc ∧ mc.target.config.ISA ≠ Ag32 ∧
    0w <₊ mc.target.get_reg ms mc.len_reg ∧
    globals_size =
    (let
       dec_shs = dec_shapes tinyProg;
       struct_ctxt = decs_stcnames [] tinyProg
     in
       SUM (MAP (size_of_sh_with_ctxt (THE struct_ctxt)) dec_shs)) ∧
    mc.target.get_reg ms mc.len_reg <₊ mc.target.get_reg ms mc.ptr2_reg ∧
    mc.target.get_reg ms mc.len_reg = s.base_addr ∧
    globals_allocatable s tinyProg ∧
    heap_len =
    w2n (mc.target.get_reg ms mc.ptr2_reg + -1w * s.base_addr) DIV
    (dimindex (:64) DIV 8) ∧
    s.top_addr =
    s.base_addr + bytes_in_word * n2w heap_len −
    n2w (globals_size * dimindex (:64) DIV 8) ∧ globals_size ≤ heap_len ∧
    s.memaddrs =
    addresses (mc.target.get_reg ms mc.len_reg) (heap_len − globals_size) ∧
    aligned (shift (:64) + 1)
      (mc.target.get_reg ms mc.ptr2_reg +
       -1w * mc.target.get_reg ms mc.len_reg) ∧
    adj_ptr2 =
    mc.target.get_reg ms mc.len_reg + bytes_in_word * n2w max_stack_alloc ∧
    adj_ptr4 =
    mc.target.get_reg ms mc.len2_reg − bytes_in_word * n2w max_stack_alloc ∧
    adj_ptr2 ≤₊ mc.target.get_reg ms mc.ptr2_reg ∧
    mc.target.get_reg ms mc.ptr2_reg ≤₊ adj_ptr4 ∧
    w2n
      (mc.target.get_reg ms mc.ptr2_reg +
       -1w * mc.target.get_reg ms mc.len_reg) ≤
    w2n bytes_in_word * (2 * max_heap_limit (:64) tinyC.data_conf − 1) ∧
    w2n bytes_in_word * (2 * max_heap_limit (:64) tinyC.data_conf − 1) <
    dimword (:64) ∧ s.ffi = ffi ∧ (mc.target.config.big_endian ⇔ s.be) ∧
    OPTION_ALL (EVERY (λx. ∃s. x = ExtCall s)) tinyC.lab_conf.ffi_names ∧
    pan_installed
      [72w; 137w; 200w; 72w; 41w; 240w; 72w; 193w; 232w; 4w; 72w; 193w; 224w;
       3w; 72w; 1w; 240w; 65w; 184w; 248w; 7w; 0w; 0w; 76w; 1w; 198w; 76w;
       41w; 193w; 72w; 57w; 242w; 15w; 130w; 18w; 0w; 0w; 0w; 72w; 57w; 209w;
       15w; 131w; 3w; 0w; 0w; 0w; 72w; 137w; 194w; 233w; 5w; 0w; 0w; 0w;
       ... ] cbspace [4w] data_sp c'.lab_conf.ffi_names
      (heap_regs tinyC.stack_conf.reg_names) mc c'.lab_conf.shmem_extra ms
      (wlab_wloc ∘ s.memory) s.memaddrs s.sh_memaddrs ∧ start = «main» ∧
    semantics_decls s start tinyProg ≠ Fail ⇒
    machine_sem mc ffi ms ⊆
    extend_with_resource_limit'
      (option_lt tiny_stackmax
         (SOME (FST (read_limits mc.target.config tinyC mc ms))))
      {semantics_decls s start tinyProg}”: term
val ms2_ante =
   “pancake_good_code tinyProg ∧ distinct_params (functions tinyProg) ∧
    ALL_DISTINCT (MAP FST (functions tinyProg)) ∧ s.code = FEMPTY ∧
    s.locals = FEMPTY ∧ s.globals = FEMPTY ∧
    size_of_eids tinyProg < dimword (:64) ∧
    FDOM s.eshapes = FDOM (get_eids (functions tinyProg)) ∧
    backend_config_ok mc.target.config tinyC ∧ mc_conf_ok mc ∧
    mc_init_ok mc.target.config tinyC mc ∧ mc.target.config.ISA ≠ Ag32 ∧
    0w <₊ mc.target.get_reg ms mc.len_reg ∧
    globals_size =
    (let
       dec_shs = dec_shapes tinyProg;
       struct_ctxt = decs_stcnames [] tinyProg
     in
       SUM (MAP (size_of_sh_with_ctxt (THE struct_ctxt)) dec_shs)) ∧
    mc.target.get_reg ms mc.len_reg <₊ mc.target.get_reg ms mc.ptr2_reg ∧
    mc.target.get_reg ms mc.len_reg = s.base_addr ∧
    globals_allocatable s tinyProg ∧
    heap_len =
    w2n (mc.target.get_reg ms mc.ptr2_reg + -1w * s.base_addr) DIV
    (dimindex (:64) DIV 8) ∧
    s.top_addr =
    s.base_addr + bytes_in_word * n2w heap_len −
    n2w (globals_size * dimindex (:64) DIV 8) ∧ globals_size ≤ heap_len ∧
    s.memaddrs =
    addresses (mc.target.get_reg ms mc.len_reg) (heap_len − globals_size) ∧
    aligned (shift (:64) + 1)
      (mc.target.get_reg ms mc.ptr2_reg +
       -1w * mc.target.get_reg ms mc.len_reg) ∧
    adj_ptr2 =
    mc.target.get_reg ms mc.len_reg + bytes_in_word * n2w max_stack_alloc ∧
    adj_ptr4 =
    mc.target.get_reg ms mc.len2_reg − bytes_in_word * n2w max_stack_alloc ∧
    adj_ptr2 ≤₊ mc.target.get_reg ms mc.ptr2_reg ∧
    mc.target.get_reg ms mc.ptr2_reg ≤₊ adj_ptr4 ∧
    w2n
      (mc.target.get_reg ms mc.ptr2_reg +
       -1w * mc.target.get_reg ms mc.len_reg) ≤
    w2n bytes_in_word * (2 * max_heap_limit (:64) tinyC.data_conf − 1) ∧
    w2n bytes_in_word * (2 * max_heap_limit (:64) tinyC.data_conf − 1) <
    dimword (:64) ∧ s.ffi = ffi ∧ (mc.target.config.big_endian ⇔ s.be) ∧
    OPTION_ALL (EVERY (λx. ∃s. x = ExtCall s)) tinyC.lab_conf.ffi_names ∧
    pan_installed
      [72w; 137w; 200w; 72w; 41w; 240w; 72w; 193w; 232w; 4w; 72w; 193w; 224w;
       3w; 72w; 1w; 240w; 65w; 184w; 248w; 7w; 0w; 0w; 76w; 1w; 198w; 76w;
       41w; 193w; 72w; 57w; 242w; 15w; 130w; 18w; 0w; 0w; 0w; 72w; 57w; 209w;
       15w; 131w; 3w; 0w; 0w; 0w; 72w; 137w; 194w; 233w; 5w; 0w; 0w; 0w;
       144w; ... ] cbspace [4w] data_sp c'.lab_conf.ffi_names
      (heap_regs tinyC.stack_conf.reg_names) mc c'.lab_conf.shmem_extra ms
      (wlab_wloc ∘ s.memory) s.memaddrs s.sh_memaddrs ∧ start = «main» ∧
    semantics_decls s start tinyProg ≠ Fail”: term
val ms2_concl =
   “machine_sem mc ffi ms ⊆
    extend_with_resource_limit'
      (option_lt tiny_stackmax
         (SOME (FST (read_limits mc.target.config tinyC mc ms))))
      {semantics_decls s start tinyProg}”: term
val n_surv = 34: int
structure: (mc.target.config = x64_config) ==> ?c'. (<34 surviving runtime antecedents incl pan_installed over concrete bytes>) ==> CONCL
CONCL: machine_sem mc ffi ms ⊆
extend_with_resource_limit'
  (option_lt tiny_stackmax
     (SOME (FST (read_limits mc.target.config tinyC mc ms))))
  {semantics_decls s start tinyProg}
val hasPI = true: bool
pan_installed present in surviving antecedents: true
val maxs = []: string list
val mors = ["DISK_THM"]: string list
val mnhyp = 0: int
val hasMS = true: bool
val hasCPM = false: bool
MACHINE_SEM oracles=[DISK_THM] axioms=[] hyps=0 has_machine_sem=true compile_prog_max_still_present=false
=== ASSEMBLE DONE ===
DONE-EXIT=0
