=== cf_pancake_good_code ===
[oracles: DISK_THM] [axioms: ]
=== cf_distinct_params ===
[oracles: DISK_THM] [axioms: ]
=== cf_distinct_names ===
[oracles: DISK_THM] [axioms: ]
=== cf_size_of_eids ===
⊢ size_of_eids cachefreshProg < dimword (:64)
[oracles: DISK_THM] [axioms: ]

=== cachefresh_rung3_native (Rung-3 native backbone) ===
[oracles: DISK_THM] [axioms: ]
remaining antecedent conjuncts = 31
conclusion:
machine_sem mc ffi ms ⊆
extend_with_resource_limit'
  (option_lt stack_max (SOME (FST (read_limits mc.target.config c mc ms))))
  {semantics_decls s «main» cachefreshProg}

=== cachefreshIf_faithful ===
⊢ extract_if_decl (HD cachefreshProg) = SOME cachefreshIf
[oracles: DISK_THM] [axioms: ]

=== cachefresh_decisioncore_refines_spec (Link A, loop-free) ===
⊢ FLOOKUP s.locals «age» = SOME (ValWord (n2w a)) ∧ a < 2 ** 63 ∧
  (∃r0. FLOOKUP s.locals «result» = SOME (ValWord r0)) ⇒
  ∃s'.
    evaluate (cachefreshIf,s) = (NONE,s') ∧
    FLOOKUP s'.locals «result» = SOME (ValWord (n2w (cacheFresh a)))
[oracles: DISK_THM] [axioms: ]

theory axioms (cachefreshRung3) = 0
