LDR|INFO: Setting all interrupts to Group 1
LDR|INFO: GICv2 ITLinesNumber: 0x00000008
LDR|INFO|CPU0: CurrentEL=EL2
LDR|INFO|CPU0: Resetting CNTVOFF
LDR|INFO: disabling MMU (if it was enabled)
LDR|INFO: PSCI version is 1.1
LDR|INFO: loader for seL4 starting
LDR|INFO: flags:
             seL4 configured as hypervisor
LDR|INFO: kernel:      entry:   0x0000008060000000
LDR|INFO: root server: physmem: 0x0000000060246000 -- 0x0000000065df4000
LDR|INFO:              virtmem: 0x0000000000200000 -- 0x0000000005dae000
LDR|INFO:              entry  : 0x0000000000221904
LDR|INFO: region: 0x00000000   addr: 0x0000000060000000   size: 0x0000000000246000   offset: 0x0000000000000000   type: 0x0000000000000001
LDR|INFO: region: 0x00000001   addr: 0x0000000060246000   size: 0x000000000000a304   offset: 0x0000000000246000   type: 0x0000000000000001
LDR|INFO: region: 0x00000002   addr: 0x0000000060260308   size: 0x0000000000013a08   offset: 0x0000000000250304   type: 0x0000000000000001
LDR|INFO: region: 0x00000003   addr: 0x0000000060283d10   size: 0x00000000000100b0   offset: 0x0000000000263d0c   type: 0x0000000000000001
LDR|INFO: region: 0x00000004   addr: 0x0000000060294000   size: 0x000000000546bf9c   offset: 0x0000000000273dbc   type: 0x0000000000000001
LDR|INFO: region: 0x00000005   addr: 0x0000000065700000   size: 0x00000000006f4000   offset: 0x00000000056dfd58   type: 0x0000000000000001
LDR|INFO: copying region 0x00000000
LDR|INFO: copying region 0x00000001
LDR|INFO: copying region 0x00000002
LDR|INFO: copying region 0x00000003
LDR|INFO: copying region 0x00000004
LDR|INFO: copying region 0x00000005
LDR|INFO|CPU0: active CPUs to start: 0x00000001
LDR|INFO|CPU0: enabling MMU
LDR|INFO|CPU0: CurrentEL=EL2
LDR|INFO|CPU0: Resetting CNTVOFF
LDR|INFO|CPU0: enabling MMU
LDR|INFO|CPU0: jumping to kernel
Bootstrapping kernel
Warning: Could not infer GIC interrupt target ID, assuming 0.
available phys memory regions: 1
  [60000000..c0000000)
reserved virt address space regions: 2
  [8060000000..8060246000)
  [8060246000..8065df4000)
Booting all finished, dropped to user space
INFO  [sel4_capdl_initializer::initialize] Starting CapDL initializer
INFO  [sel4_capdl_initializer::initialize] Starting threads
MON|INFO: Microkit Monitor started!

[executor] dregg executor-PD — the firmament HEART, embedding the VERIFIED executor
[executor]   cap partition: turn_in (R), commit_out (RW); NO device/NIC cap
[executor]   (the .preinit_array hook installed the sel4-musl syscall handler
[executor]    ahead of the Lean C++ ctors that global_init() already ran)
[executor]   turn_in[0]=0x00 (region live)
[executor]   initializing embedded Lean runtime …
[executor]   lean_initialize_runtime_module()
[executor]   initialize_Dregg2_Dregg2_Exec_FFI(builtin=1)
[executor]   embedded Lean runtime initialized â executor ready
[executor]   embedded Lean runtime UP — execFullForestG ready ( ◕‿◕ )
[executor]   >>> running the verified DEMO turn (in-PD wire) through the PD
[executor]   demo wire: 731 bytes (in-PD text, turn_in untouched)
[executor]   >>> dregg_exec_full_forest_auth(turn_in, 731 bytes)
[executor]   <<< receipt (313 bytes)
[executor]   receipt written to commit_out (313 bytes):
---RECEIPT-BEGIN---
{"state":{"cells":[[0,{"rec":[["balance",{"int":90}],["nonce",{"int":8}]]}],[1,{"rec":[["balance",{"int":5}]]}]],"caps":[[9,[{"node":0}]]],"bal":[[0,0,70],[1,0,35]],"escrows":[],"nullifiers":[111],"commitments":[222],"queues":[],"swiss":[],"revoked":[],"lifecycle":[],"deathCert":[]},"loglen":1,"status":2,"ok":1}
---RECEIPT-END---
[executor]   ==> VERIFIED turn through the PD: status:2 ok:1
[executor]   ==> bodyCommitted — the executor PD ran a REAL accepted turn ( ◕‿◕ )
[executor]   signalling persist (ch 2) + verifier (ch 3)
[executor]   awaiting ingress→executor signal (channel id 1) for live turns …

    +-----------------------------------------------+
    |   deos . robigalia v0  --  THE LIVE IMAGE     |
    |   deos-image PD : a live object browser of    |
    |   REAL deos cells (ramfb + virtio-keyboard)   |
    +-----------------------------------------------+
[deos-image] booted -- 6 REAL cells in the image (sum of balances = 0 computrons)
[deos-image] SOLE holder of the fw_cfg display cap + the virtio-keyboard cap.
[deos-image]   painted cell 1/6 (800x600 XRGB8888)
[deos-image]   fw_cfg 'etc/ramfb' selector = 0x0025
[deos-image]   ramfb CONFIGURED: addr=0x65e00000 XRGB8888 800x600 stride=3200
[deos-image]   virtio-kbd probe: version=Modern device_type=Input vendor=0x554d4551
[deos-image]   virtio-keyboard UP -- UP/DOWN walk cells, ENTER drills in, ESC backs out
[deos-image]   INTERACTIVE: UP/DOWN walk the cells, ENTER drills in, ESC backs out.
[deos-image]   TAB switches to the starbridge-v2 COCKPIT (real gpui render of a cockpit-shaped Scene, on glass).
[deos-image]   the image is on glass, and it is alive to walk. ( o_o )
[deos-image]   <== LIVE TURN #1: the executor PD committed a VERIFIED turn (status:2 ok:1, nonce->8, receipt 313B) — repainting on glass ( ◕‿◕ )
[deos-image]   notified on channel 2 (ignored)
