
---------------------------------------------------------------------
     HOL4 [Trindemossen 2 (stdknl, built Thu Jul 02 02:35:34 2026)]

     For introductory HOL help, type: help "hol";
     To exit type <Control>-D
---------------------------------------------------------------------
** Load path (see loadPath variable) now contains 70 entries
** after consulting Holmakefiles

> <<HOL message: intLib loaded.  Use intLib.deprecate_int() to turn off integer parsing>>
val dump = fn: string -> thm -> unit
=== boundScan_pkg_bridge ===
⊢ mc.target.config = x64_config ∧
  compile_prog x64_config x64_backend_config boundScanProg =
  SOME (bytes,bitmaps,c'c) ⇒
  ∃c'm sm.
    compile_prog_max x64_backend_config mc boundScanProg =
    (SOME (bytes,bitmaps,c'm),sm) ∧ c'm.lab_conf = c'c.lab_conf
  [oracles: DISK_THM] [axioms: ]

=== boundScan_G1_native ===
⊢ mc.target.config = x64_config ⇒
  ∃c'm sm c'c.
    compile_prog_max x64_backend_config mc boundScanProg =
    (SOME (boundScanBytes,boundScanBitmaps,c'm),sm) ∧
    c'm.lab_conf = c'c.lab_conf
  [oracles: DISK_THM,cake_native_bootstrap] [axioms: ]

=== elseBranch_faithful ===
⊢ extract_else_decl (HD boundScanProg) = SOME elseBranch
  [oracles: DISK_THM] [axioms: ]

=== scanBody_frame ===
⊢ evaluate (scanBody,s) = (NONE,s2) ⇒
  ∀v. v ≠ «acc» ∧ v ≠ «i» ⇒ FLOOKUP s2.locals v = FLOOKUP s.locals v
  [oracles: DISK_THM] [axioms: ]

axioms boundScanPkg = 0
axioms boundScanMainFrame = 0
val c = “extract_else_decl (HD boundScanProg) = SOME elseBranch”: term
val consts =
   [“$=”, “HD”, “SOME”, “boundScanProg”, “elseBranch”, “extract_else_decl”]:
   term list
elseBranch_faithful fully-qualified consts of interest:
  boundScanLinkB$boundScanProg
  boundScanMainFrame$elseBranch
  boundScanMainFrame$extract_else_decl
> 