byteInts length = 1270
bmInts    length = 1
bmInts values    = 4
--- admitBytes_length ---
⊢ LENGTH admitBytes = 1270
--- admitBitmaps_length ---
⊢ LENGTH admitBitmaps = 1
--- admit_compile_prog_native (LAYER 2, oracle) ---
⊢ ∃c'.
    compile_prog x64_config x64_backend_config admitProg =
    SOME (admitBytes,admitBitmaps,c')
LAYER2 oracles = [cake_native_bootstrap]  axioms = []
--- admit_pan_to_target_specialised (LAYER 1) ---
LAYER1 oracles = [DISK_THM]  axioms = []
LAYER1 antecedent conj1 = compile_prog_max c mc admitProg =
(SOME (admitBytes,admitBitmaps,c'),stack_max)
LAYER2 head const   = pan_to_target$compile_prog
LAYER2 arg1 (asm)   = x64_target$x64_config
LAYER2 arg2 (cfg)   = x64_config$x64_backend_config
LAYER2 arg3 (prog)  = admitBytesBridge$admitProg
theory axioms (admitBytesBridge) = 0
