Compiling 21 files with Solc 0.8.30
Solc 0.8.30 finished in 5.81s
Compiler run successful with warnings:
Warning (5159): "selfdestruct" has been deprecated. Note that, starting from the Cancun hard fork, the underlying opcode no longer deletes the code and data associated with an account and only transfers its Ether to the beneficiary, unless executed in the same transaction in which the contract was created (see EIP-6780). Any use in newly deployed contracts is strongly discouraged even if the new behavior is taken into account. Future changes to the EVM might further reduce the functionality of the opcode.
   --> target/MoonRugToken.sol:118:9:
    |
118 |         selfdestruct(payable(owner));
    |         ^^^^^^^^^^^^


Running 5 tests for test/GenFV.t.sol:GenFV
Counterexample: 
    p__c0_uint256_8a38784_00 = 0x8000000000000000000000000
    p_caller_address_5bb1e01_00 = 0x7fa9385be102ac3eac297483dd6233d62b3e1496
    p_sel_uint8_b921559_00 = 0x00
    p_v_uint256_86e1bd0_00 = 0x8000000000000000000000000000000000000000000000000000000000000000
    p_x_address_c4daceb_00 = 0x00
    p_y_address_3201baf_00 = 0x00
[FAIL] check_cap_singleCall(uint256,uint8,address,address,address,uint256) (paths: 14, time: 0.30s, bounds: [])
Counterexample: 
    p__c0_uint256_c6f8a06_00 = 0x8000000000000000000000000
    p_a1_uint256_f47e3be_00 = 0x00
    p_a2_uint256_f8e73b7_00 = 0x8000000000000000000000000000000000000000000000000000000000000000
    p_c1_address_73030bc_00 = 0x7fa9385be102ac3eac297483dd6233d62b3e1496
    p_c2_address_eafeabc_00 = 0x7fa9385be102ac3eac297483dd6233d62b3e1496
    p_to1_address_265572a_00 = 0x00
    p_to2_address_d5da73d_00 = 0x00
Counterexample: 
    p__c0_uint256_c6f8a06_00 = 0x8000000000000000000000000
    p_a1_uint256_f47e3be_00 = 0x8000000000000000000000000000000000000000000000000000000000000000
    p_c1_address_73030bc_00 = 0x7fa9385be102ac3eac297483dd6233d62b3e1496
    p_c2_address_eafeabc_00 = 0x00
    p_to1_address_265572a_00 = 0x00
    p_to2_address_d5da73d_00 = 0x00
Counterexample: 
    p__c0_uint256_c6f8a06_00 = 0x8000000000000000000000000
    p_a2_uint256_f8e73b7_00 = 0x8000000000000000000000000000000000000000000000000000000000000000
    p_c1_address_73030bc_00 = 0x00
    p_c2_address_eafeabc_00 = 0x7fa9385be102ac3eac297483dd6233d62b3e1496
    p_to1_address_265572a_00 = 0x00
    p_to2_address_d5da73d_00 = 0x00
[FAIL] check_cap_twoMints(uint256,address,address,uint256,address,address,uint256) (paths: 14, time: 0.38s, bounds: [])
[PASS] check_noReentrancyDrain(uint256,address,uint8,address,address,uint256) (paths: 13, time: 0.46s, bounds: [])
Counterexample: 
    p__c0_uint256_b755609_00 = 0x8000000000000000000000000
    p_caller_address_8b9da7e_00 = 0x7fa9385be102ac3eac297483dd6233d62b3e1496
    p_seed_uint256_f57bb0c_00 = 0x1800000000000000000000000000000000000000
    p_sel_uint8_7807a95_00 = 0x03
    p_v_uint256_c9d4f36_00 = 0xc00000000000000000000000000000000000000
    p_victim_address_589d4da_00 = 0xffffffffffffffffffffffffffffffffffffffff
    p_x_address_3d478c0_00 = 0xffffffffffffffffffffffffffffffffffffffff
    p_y_address_660be35_00 = 0xbfffffffffffffffffffffffffffffffffffffff
[FAIL] check_noUnauthorizedDrain(uint256,address,uint256,uint8,address,address,address,uint256) (paths: 18, time: 0.64s, bounds: [])
[PASS] check_privilegedOpsAuthorized(uint256,address,address,uint256) (paths: 3, time: 0.06s, bounds: [])
Symbolic test result: 2 passed; 3 failed; time: 1.87s
