
---------------------------------------------------------------------
     HOL4 [Trindemossen 2 (stdknl, built Thu Jul 02 02:35:34 2026)]

     For introductory HOL help, type: help "hol";
     To exit type <Control>-D
---------------------------------------------------------------------
** Load path (see loadPath variable) now contains 78 entries
** after consulting Holmakefiles

> <<HOL message: intLib loaded.  Use intLib.deprecate_int() to turn off integer parsing>>
val tg = fn: thm -> string

@@ TAGS
boundScan_rung3_e2e            : [oracles: DISK_THM] [axioms: ]
  hyps = 0
boundScanProg_semantics_decls_bridge : [oracles: DISK_THM] [axioms: ]
boundScan_rung3_installed      : [oracles: DISK_THM] [axioms: ]
axioms boundScanRung3E2E = 0
axioms boundScanE2EFrame = 0
val present = fn: string -> thm -> bool
val thyconst = fn: string -> thm -> string

@@ NON-VACUITY (fully-qualified consts in boundScan_rung3_e2e)
  boundScanBytes : boundScanBytesBridge
  boundScanBitmaps : boundScanBytesBridge
  pan_installed : pan_to_targetProof
  boundScanProg : boundScanBytesBridge
  boundScan : boundScanCoreLinkA
  c0_encode : boundScanCoreLinkA
  boundScanFFI : boundScanWrapperLinkA
  machine_sem : targetSem
  is_x64_machine_config : x64_configProof
  compile_prog_max : pan_to_targetProof
  Terminate : ffi

@@ arg count of the e2e implication antecedents
val c =
   “is_x64_machine_config mc ⇒
    (compile_prog_max x64_backend_config mc boundScanProg =
     (SOME (boundScanBytes,boundScanBitmaps,c'),stack_max) ∧
     s.code = FEMPTY ∧ s.locals = FEMPTY ∧ s.globals = FEMPTY ∧
     FDOM s.eshapes = FDOM (get_eids (functions boundScanProg)) ∧
     0w <₊ mc.target.get_reg ms mc.len_reg ∧
     globals_size =
     (let
        dec_shs = dec_shapes boundScanProg;
        struct_ctxt = decs_stcnames [] boundScanProg
      in
        SUM (MAP (size_of_sh_with_ctxt (THE struct_ctxt)) dec_shs)) ∧
     mc.target.get_reg ms mc.len_reg <₊ mc.target.get_reg ms mc.ptr2_reg ∧
     mc.target.get_reg ms mc.len_reg = s.base_addr ∧
     globals_allocatable s boundScanProg ∧
     heap_len =
     w2n (mc.target.get_reg ms mc.ptr2_reg + -1w * s.base_addr) DIV
     (dimindex (:64) DIV 8) ∧
     s.top_addr =
     s.base_addr + bytes_in_word * n2w heap_len −
     n2w (globals_size * dimindex (:64) DIV 8) ∧ globals_size ≤ heap_len ∧
     s.memaddrs =
     addresses (mc.target.get_reg ms mc.len_reg) (heap_len − globals_size) ∧
     aligned (shift (:64) + 1)
       (mc.target.get_reg ms mc.ptr2_reg +
        -1w * mc.target.get_reg ms mc.len_reg) ∧
     adj_ptr2 =
     mc.target.get_reg ms mc.len_reg + bytes_in_word * n2w max_stack_alloc ∧
     adj_ptr4 =
     mc.target.get_reg ms mc.len2_reg − bytes_in_word * n2w max_stack_alloc ∧
     adj_ptr2 ≤₊ mc.target.get_reg ms mc.ptr2_reg ∧
     mc.target.get_reg ms mc.ptr2_reg ≤₊ adj_ptr4 ∧
     w2n
       (mc.target.get_reg ms mc.ptr2_reg +
        -1w * mc.target.get_reg ms mc.len_reg) ≤
     w2n bytes_in_word *
     (2 * max_heap_limit (:64) x64_backend_config.data_conf − 1) ∧
     w2n bytes_in_word *
     (2 * max_heap_limit (:64) x64_backend_config.data_conf − 1) <
     dimword (:64) ∧ s.ffi = ffi ∧ ¬s.be ∧
     pan_installed boundScanBytes cbspace boundScanBitmaps data_sp
       c'.lab_conf.ffi_names
       (heap_regs x64_backend_config.stack_conf.reg_names) mc
       c'.lab_conf.shmem_extra ms (wlab_wloc ∘ s.memory) s.memaddrs
       s.sh_memaddrs) ∧ boundScanFFI a off len s ∧ (∃K. 0 < K ∧ len < K) ⇒
    ∃loadEv rb.
      machine_sem mc ffi ms ⊆
      extend_with_resource_limit'
        (option_lt stack_max
           (SOME (FST (read_limits x64_config x64_backend_config mc ms))))
        {Terminate Success
           (s.ffi.io_events ++ loadEv ++
            [IO_event (ExtCall «report_vec»)
               (word_to_bytes (n2w (c0_encode (boundScan a off len))) F) rb])}”:
   term
val cnt = fn: term -> term list
val ants =
   [“is_x64_machine_config mc”,
    “(compile_prog_max x64_backend_config mc boundScanProg =
      (SOME (boundScanBytes,boundScanBitmaps,c'),stack_max) ∧
      s.code = FEMPTY ∧ s.locals = FEMPTY ∧ s.globals = FEMPTY ∧
      FDOM s.eshapes = FDOM (get_eids (functions boundScanProg)) ∧
      0w <₊ mc.target.get_reg ms mc.len_reg ∧
      globals_size =
      (let
         dec_shs = dec_shapes boundScanProg;
         struct_ctxt = decs_stcnames [] boundScanProg
       in
         SUM (MAP (size_of_sh_with_ctxt (THE struct_ctxt)) dec_shs)) ∧
      mc.target.get_reg ms mc.len_reg <₊ mc.target.get_reg ms mc.ptr2_reg ∧
      mc.target.get_reg ms mc.len_reg = s.base_addr ∧
      globals_allocatable s boundScanProg ∧
      heap_len =
      w2n (mc.target.get_reg ms mc.ptr2_reg + -1w * s.base_addr) DIV
      (dimindex (:64) DIV 8) ∧
      s.top_addr =
      s.base_addr + bytes_in_word * n2w heap_len −
      n2w (globals_size * dimindex (:64) DIV 8) ∧ globals_size ≤ heap_len ∧
      s.memaddrs =
      addresses (mc.target.get_reg ms mc.len_reg) (heap_len − globals_size) ∧
      aligned (shift (:64) + 1)
        (mc.target.get_reg ms mc.ptr2_reg +
         -1w * mc.target.get_reg ms mc.len_reg) ∧
      adj_ptr2 =
      mc.target.get_reg ms mc.len_reg + bytes_in_word * n2w max_stack_alloc ∧
      adj_ptr4 =
      mc.target.get_reg ms mc.len2_reg − bytes_in_word * n2w max_stack_alloc ∧
      adj_ptr2 ≤₊ mc.target.get_reg ms mc.ptr2_reg ∧
      mc.target.get_reg ms mc.ptr2_reg ≤₊ adj_ptr4 ∧
      w2n
        (mc.target.get_reg ms mc.ptr2_reg +
         -1w * mc.target.get_reg ms mc.len_reg) ≤
      w2n bytes_in_word *
      (2 * max_heap_limit (:64) x64_backend_config.data_conf − 1) ∧
      w2n bytes_in_word *
      (2 * max_heap_limit (:64) x64_backend_config.data_conf − 1) <
      dimword (:64) ∧ s.ffi = ffi ∧ ¬s.be ∧
      pan_installed boundScanBytes cbspace boundScanBitmaps data_sp
        c'.lab_conf.ffi_names
        (heap_regs x64_backend_config.stack_conf.reg_names) mc
        c'.lab_conf.shmem_extra ms (wlab_wloc ∘ s.memory) s.memaddrs
        s.sh_memaddrs) ∧ boundScanFFI a off len s ∧ ∃K. 0 < K ∧ len < K”]:
   term list
  outer implications = 2
poly: : error: Value or constructor (appi) has not been declared in structure List
Found near List.appi (fn (i, ...) => print (... ^ ...)) ants
Static Errors
> 