
---------------------------------------------------------------------
     HOL4 [Trindemossen 2 (stdknl, built Thu Jul 02 02:35:34 2026)]

     For introductory HOL help, type: help "hol";
     To exit type <Control>-D
---------------------------------------------------------------------
** Load path (see loadPath variable) now contains 79 entries
** after consulting Holmakefiles

> <<HOL message: intLib loaded.  Use intLib.deprecate_int() to turn off integer parsing>>
val tg = fn: thm -> string

@@FINAL TAGS
boundScan_rung3_e2e         : [oracles: DISK_THM] [axioms: ]  hyps=0
boundScan_rung3_e2e_native  : [oracles: DISK_THM,cake_native_bootstrap] [axioms: ]  hyps=0
boundScanProg_sd_bridge     : [oracles: DISK_THM] [axioms: ]
axioms E2E   = 0
axioms Frame = 0
val orc_n = ["DISK_THM", "cake_native_bootstrap"]: string list

@@ native oracle set = [DISK_THM,cake_native_bootstrap]
@@ has cake_native_bootstrap = true
@@ e2e (DISK_THM-only) oracle set = [DISK_THM]

@@NATIVE STATEMENT
[oracles: DISK_THM, cake_native_bootstrap] [axioms: ] []
⊢ is_x64_machine_config mc ⇒
  (∀c' stack_max.
     compile_prog_max x64_backend_config mc boundScanProg =
     (SOME (boundScanBytes,boundScanBitmaps,c'),stack_max) ⇒
     s.code = FEMPTY ∧ s.locals = FEMPTY ∧ s.globals = FEMPTY ∧
     FDOM s.eshapes = FDOM (get_eids (functions boundScanProg)) ∧
     0w <₊ mc.target.get_reg ms mc.len_reg ∧
     globals_size =
     (let
        dec_shs = dec_shapes boundScanProg;
        struct_ctxt = decs_stcnames [] boundScanProg
      in
        SUM (MAP (size_of_sh_with_ctxt (THE struct_ctxt)) dec_shs)) ∧
     mc.target.get_reg ms mc.len_reg <₊ mc.target.get_reg ms mc.ptr2_reg ∧
     mc.target.get_reg ms mc.len_reg = s.base_addr ∧
     globals_allocatable s boundScanProg ∧
     heap_len =
     w2n (mc.target.get_reg ms mc.ptr2_reg + -1w * s.base_addr) DIV
     (dimindex (:64) DIV 8) ∧
     s.top_addr =
     s.base_addr + bytes_in_word * n2w heap_len −
     n2w (globals_size * dimindex (:64) DIV 8) ∧ globals_size ≤ heap_len ∧
     s.memaddrs =
     addresses (mc.target.get_reg ms mc.len_reg) (heap_len − globals_size) ∧
     aligned (shift (:64) + 1)
       (mc.target.get_reg ms mc.ptr2_reg +
        -1w * mc.target.get_reg ms mc.len_reg) ∧
     adj_ptr2 =
     mc.target.get_reg ms mc.len_reg + bytes_in_word * n2w max_stack_alloc ∧
     adj_ptr4 =
     mc.target.get_reg ms mc.len2_reg − bytes_in_word * n2w max_stack_alloc ∧
     adj_ptr2 ≤₊ mc.target.get_reg ms mc.ptr2_reg ∧
     mc.target.get_reg ms mc.ptr2_reg ≤₊ adj_ptr4 ∧
     w2n
       (mc.target.get_reg ms mc.ptr2_reg +
        -1w * mc.target.get_reg ms mc.len_reg) ≤
     w2n bytes_in_word *
     (2 * max_heap_limit (:64) x64_backend_config.data_conf − 1) ∧
     w2n bytes_in_word *
     (2 * max_heap_limit (:64) x64_backend_config.data_conf − 1) <
     dimword (:64) ∧ s.ffi = ffi ∧ ¬s.be ∧
     pan_installed boundScanBytes cbspace boundScanBitmaps data_sp
       c'.lab_conf.ffi_names
       (heap_regs x64_backend_config.stack_conf.reg_names) mc
       c'.lab_conf.shmem_extra ms (wlab_wloc ∘ s.memory) s.memaddrs
       s.sh_memaddrs ∧ boundScanFFI a off len s ∧ ∃K. 0 < K ∧ len < K) ⇒
  ∃stack_max loadEv rb.
    machine_sem mc ffi ms ⊆
    extend_with_resource_limit'
      (option_lt stack_max
         (SOME (FST (read_limits x64_config x64_backend_config mc ms))))
      {Terminate Success
         (s.ffi.io_events ++ loadEv ++
          [IO_event (ExtCall «report_vec»)
             (word_to_bytes (n2w (c0_encode (boundScan a off len))) F) rb])}
@@END
> 