=== jw_pancake_good_code ===
[oracles: DISK_THM] [axioms: ]
=== jw_distinct_params ===
[oracles: DISK_THM] [axioms: ]
=== jw_distinct_names ===
[oracles: DISK_THM] [axioms: ]
=== jw_size_of_eids ===
⊢ size_of_eids jwtProg < dimword (:64)
[oracles: DISK_THM] [axioms: ]

=== jwt_rung3_native (Rung-3 native backbone) ===
[oracles: DISK_THM] [axioms: ]
remaining antecedent conjuncts = 31
conclusion:
machine_sem mc ffi ms ⊆
extend_with_resource_limit'
  (option_lt stack_max (SOME (FST (read_limits mc.target.config c mc ms))))
  {semantics_decls s «main» jwtProg}

=== jwtIf_faithful ===
⊢ extract_if_decl (HD jwtProg) = SOME jwtIf
[oracles: DISK_THM] [axioms: ]

=== jwt_decisioncore_refines_spec (Link A, loop-free) ===
⊢ FLOOKUP s.locals «km» = SOME (ValWord (n2w km)) ∧ km < dimword (:64) ∧
  FLOOKUP s.locals «ku» = SOME (ValWord (n2w ku)) ∧ ku < dimword (:64) ∧
  FLOOKUP s.locals «alg» = SOME (ValWord (n2w alg)) ∧ alg < dimword (:64) ∧
  FLOOKUP s.locals «dec» = SOME (ValWord 0w) ⇒
  ∃s'.
    evaluate (jwtIf,s) = (NONE,s') ∧
    FLOOKUP s'.locals «dec» = SOME (ValWord (n2w (jwtDec km ku alg)))
[oracles: DISK_THM] [axioms: ]

theory axioms (jwtRung3) = 0
