=== gz_pancake_good_code ===
[oracles: DISK_THM] [axioms: ]
=== gz_distinct_params ===
[oracles: DISK_THM] [axioms: ]
=== gz_distinct_names ===
[oracles: DISK_THM] [axioms: ]
=== gz_size_of_eids ===
⊢ size_of_eids gzipupperProg < dimword (:64)
[oracles: DISK_THM] [axioms: ]

=== gzipupper_rung3_native (Rung-3 native backbone) ===
[oracles: DISK_THM] [axioms: ]
remaining antecedent conjuncts = 31
conclusion:
machine_sem mc ffi ms ⊆
extend_with_resource_limit'
  (option_lt stack_max (SOME (FST (read_limits mc.target.config c mc ms))))
  {semantics_decls s «main» gzipupperProg}

=== gzipupperIf_faithful ===
⊢ extract_if_decl (HD gzipupperProg) = SOME gzipupperIf
[oracles: DISK_THM] [axioms: ]

=== gzipupper_decisioncore_refines_spec (Link A, loop-free) ===
⊢ FLOOKUP s.locals «b» = SOME (ValWord (n2w b)) ∧ b < 2 ** 63 ∧
  (∃r0. FLOOKUP s.locals «result» = SOME (ValWord r0)) ⇒
  ∃s'.
    evaluate (gzipupperIf,s) = (NONE,s') ∧
    FLOOKUP s'.locals «result» = SOME (ValWord (n2w (gzipUpper b)))
[oracles: DISK_THM] [axioms: ]

theory axioms (gzipupperRung3) = 0
