=== boundScanProg_def ===
⊢ boundScanProg =
  [Function
     <|name := «main»; inline := F; export := F; params := [];
       body :=
         Seq (Annot «location» «(UNKNOWN 44:10)»)
           (Dec «base» One BaseAddr
              (Seq (Annot «location» «(UNKNOWN 44:10)»)
                 (Dec «buf» One (Op Add [Var Local «base»; Const 32w])
                    (Seq
                       (Seq (Annot «location» «(23:2 23:27)»)
                          (ExtCall «load_vec» (Var Local «base») (Const 24w)
                             (Var Local «buf») (Const 4096w)))
                       (Seq (Annot «location» «(UNKNOWN 44:10)»)
                          (Dec «alen» One (Load One (Var Local «base»))
                             (Seq (Annot «location» «(UNKNOWN 44:10)»)
                                (Dec «off» One
                                   (Load One
                                      (Op Add [Var Local «base»; Const 8w]))
                                   (Seq (Annot «location» «(UNKNOWN 44:10)»)
                                      (Dec «len» One
                                         (Load One
                                            (Op Add
                                               [Var Local «base»; Const 16w]))
                                         (Seq
                                            (Annot «location»
                                               «(UNKNOWN 44:10)»)
                                            (Dec «result» One (Const 0w)
                                               (Seq
                                                  (Seq
                                                     (Annot «location»
                                                        «(31:5 40:15)»)
                                                     (If
                                                        (Cmp Less
                                                           (Var Local «alen»)
                                                           (Op Add
                                                              [Var Local
                                                                 «off»;
                                                               Var Local
                                                                 «len»]))
                                                        (Seq
                                                           (Annot «location»
                                                              «(32:4 32:22)»)
                                                           (Assign Local
                                                              «result»
                                                              (Const
                                                                 0xFFFFFFFFw)))
                                                        (Seq
                                                           (Annot «location»
                                                              «(UNKNOWN 40:15)»)
                                                           (Dec «acc» One
                                                              (Const 0w)
                                                              (Seq
                                                                 (Annot
                                                                    «location»
                                                                    «(UNKNOWN 40:15)»)
                                                                 (Dec «i» One
                                                                    (Const 0w)
                                                                    (Seq
                                                                       (Seq
                                                                          (Annot
                                                                             «location»
                                                                             «(36:10 38:13)»)
                                                                          (While
                                                                             (Cmp
                                                                                Less
                                                                                (Var
                                                                                   Local
                                                                                   «i»)
                                                                                (Var
                                                                                   Local
                                                                                   «len»))
                                                                             (Seq
                                                                                (Seq
                                                                                   (Annot
                                                                                      «location»
                                                                                      «(37:6 37:45)»)
                                                                                   (Assign
                                                                                      Local
                                                                                      «acc»
                                                                                      (Op
                                                                                         And
                                                                                         [Op
                                                                                            Add
                                                                                            [Panop
                                                                                               Mul
                                                                                               [Var
                                                                                                  Local
                                                                                                  «acc»;
                                                                                                Const
                                                                                                  31w];
                                                                                             LoadByte
                                                                                               (Op
                                                                                                  Add
                                                                                                  [Var
                                                                                                     Local
                                                                                                     «buf»;
                                                                                                   Var
                                                                                                     Local
                                                                                                     «off»;
                                                                                                   Var
                                                                                                     Local
                                                                                                     «i»])];
                                                                                          Const
                                                                                            0xFFFFFFw])))
                                                                                (Seq
                                                                                   (Annot
                                                                                      «location»
                                                                                      «(38:6 38:13)»)
                                                                                   (Assign
                                                                                      Local
                                                                                      «i»
                                                                                      (Op
                                                                                         Add
                                                                                         [Var
                                                                                            Local
                                                                                            «i»;
                                                                                          Const
                                                                                            1w]))))))
                                                                       (Seq
                                                                          (Annot
                                                                             «location»
                                                                             «(40:4 40:15)»)
                                                                          (Assign
                                                                             Local
                                                                             «result»
                                                                             (Var
                                                                                Local
                                                                                «acc»))))))))))
                                                  (Seq
                                                     (Seq
                                                        (Annot «location»
                                                           «(42:5 42:20)»)
                                                        (Store
                                                           (Op Add
                                                              [Var Local
                                                                 «base»;
                                                               Const 24w])
                                                           (Var Local
                                                              «result»)))
                                                     (Seq
                                                        (Seq
                                                           (Annot «location»
                                                              «(43:2 43:30)»)
                                                           (ExtCall
                                                              «report_vec»
                                                              (Op Add
                                                                 [Var Local
                                                                    «base»;
                                                                  Const 24w])
                                                              (Const 8w)
                                                              (Var Local
                                                                 «base»)
                                                              (Const 8w)))
                                                        (Seq
                                                           (Annot «location»
                                                              «(44:9 44:10)»)
                                                           (Return (Const 0w))))))))))))))))));
       return := One|>]
=== done ===
