byteInts length = 1066
bmInts    length = 1
bmInts values    = 4
--- secheadersBytes_length ---
⊢ LENGTH secheadersBytes = 1066
--- secheadersBitmaps_length ---
⊢ LENGTH secheadersBitmaps = 1
--- secheaders_compile_prog_native (LAYER 2, oracle) ---
⊢ ∃c'.
    compile_prog x64_config x64_backend_config secheadersProg =
    SOME (secheadersBytes,secheadersBitmaps,c')
LAYER2 oracles = [cake_native_bootstrap]  axioms = []
--- secheaders_pan_to_target_specialised (LAYER 1) ---
LAYER1 oracles = [DISK_THM]  axioms = []
LAYER1 antecedent conj1 = compile_prog_max c mc secheadersProg =
(SOME (secheadersBytes,secheadersBitmaps,c'),stack_max)
LAYER2 head const   = pan_to_target$compile_prog
LAYER2 arg1 (asm)   = x64_target$x64_config
LAYER2 arg2 (cfg)   = x64_config$x64_backend_config
LAYER2 arg3 (prog)  = secheadersBytesBridge$secheadersProg
theory axioms (secheadersBytesBridge) = 0
