=== sh_pancake_good_code ===
[oracles: DISK_THM] [axioms: ]
=== sh_distinct_params ===
[oracles: DISK_THM] [axioms: ]
=== sh_distinct_names ===
[oracles: DISK_THM] [axioms: ]
=== sh_size_of_eids ===
⊢ size_of_eids secheadersProg < dimword (:64)
[oracles: DISK_THM] [axioms: ]

=== secheaders_rung3_native (Rung-3 native backbone) ===
[oracles: DISK_THM] [axioms: ]
remaining antecedent conjuncts = 31
conclusion:
machine_sem mc ffi ms ⊆
extend_with_resource_limit'
  (option_lt stack_max (SOME (FST (read_limits mc.target.config c mc ms))))
  {semantics_decls s «main» secheadersProg}

=== secheadersIf_faithful ===
⊢ extract_if_decl (HD secheadersProg) = SOME secheadersIf
[oracles: DISK_THM] [axioms: ]

=== secheaders_decisioncore_refines_spec (Link A, loop-free) ===
⊢ FLOOKUP s.locals «maxage» = SOME (ValWord (n2w m)) ∧ m < 2 ** 63 ∧
  (∃r0. FLOOKUP s.locals «result» = SOME (ValWord r0)) ⇒
  ∃s'.
    evaluate (secheadersIf,s) = (NONE,s') ∧
    FLOOKUP s'.locals «result» = SOME (ValWord (n2w (hstsEff m)))
[oracles: DISK_THM] [axioms: ]

theory axioms (secheadersRung3) = 0
