byteInts length = 1066
bmInts    length = 1
bmInts values    = 4
--- rateadmitBytes_length ---
⊢ LENGTH rateadmitBytes = 1066
--- rateadmitBitmaps_length ---
⊢ LENGTH rateadmitBitmaps = 1
--- rateadmit_compile_prog_native (LAYER 2, oracle) ---
⊢ ∃c'.
    compile_prog x64_config x64_backend_config rateadmitProg =
    SOME (rateadmitBytes,rateadmitBitmaps,c')
LAYER2 oracles = [cake_native_bootstrap]  axioms = []
--- rateadmit_pan_to_target_specialised (LAYER 1) ---
LAYER1 oracles = [DISK_THM]  axioms = []
LAYER1 antecedent conj1 = compile_prog_max c mc rateadmitProg =
(SOME (rateadmitBytes,rateadmitBitmaps,c'),stack_max)
LAYER2 head const   = pan_to_target$compile_prog
LAYER2 arg1 (asm)   = x64_target$x64_config
LAYER2 arg2 (cfg)   = x64_config$x64_backend_config
LAYER2 arg3 (prog)  = rateadmitBytesBridge$rateadmitProg
theory axioms (rateadmitBytesBridge) = 0
