=== ra_pancake_good_code ===
[oracles: DISK_THM] [axioms: ]
=== ra_distinct_params ===
[oracles: DISK_THM] [axioms: ]
=== ra_distinct_names ===
[oracles: DISK_THM] [axioms: ]
=== ra_size_of_eids ===
⊢ size_of_eids rateadmitProg < dimword (:64)
[oracles: DISK_THM] [axioms: ]

=== rateadmit_rung3_native (Rung-3 native backbone) ===
[oracles: DISK_THM] [axioms: ]
remaining antecedent conjuncts = 31
conclusion:
machine_sem mc ffi ms ⊆
extend_with_resource_limit'
  (option_lt stack_max (SOME (FST (read_limits mc.target.config c mc ms))))
  {semantics_decls s «main» rateadmitProg}

=== rateadmitIf_faithful ===
⊢ extract_if_decl (HD rateadmitProg) = SOME rateadmitIf
[oracles: DISK_THM] [axioms: ]

=== rateadmit_decisioncore_refines_spec (Link A, loop-free) ===
⊢ FLOOKUP s.locals «tokens» = SOME (ValWord (n2w t)) ∧ t < 2 ** 63 ∧
  (∃r0. FLOOKUP s.locals «result» = SOME (ValWord r0)) ⇒
  ∃s'.
    evaluate (rateadmitIf,s) = (NONE,s') ∧
    FLOOKUP s'.locals «result» = SOME (ValWord (n2w (rateAdmit t)))
[oracles: DISK_THM] [axioms: ]

theory axioms (rateadmitRung3) = 0
