byteInts length = 1118
bmInts    length = 1
bmInts values    = 4
--- redirectBytes_length ---
⊢ LENGTH redirectBytes = 1118
--- redirectBitmaps_length ---
⊢ LENGTH redirectBitmaps = 1
--- redirect_compile_prog_native (LAYER 2, oracle) ---
⊢ ∃c'.
    compile_prog x64_config x64_backend_config redirectProg =
    SOME (redirectBytes,redirectBitmaps,c')
LAYER2 oracles = [cake_native_bootstrap]  axioms = []
--- redirect_pan_to_target_specialised (LAYER 1) ---
LAYER1 oracles = [DISK_THM]  axioms = []
LAYER1 antecedent conj1 = compile_prog_max c mc redirectProg =
(SOME (redirectBytes,redirectBitmaps,c'),stack_max)
LAYER2 head const   = pan_to_target$compile_prog
LAYER2 arg1 (asm)   = x64_target$x64_config
LAYER2 arg2 (cfg)   = x64_config$x64_backend_config
LAYER2 arg3 (prog)  = redirectBytesBridge$redirectProg
theory axioms (redirectBytesBridge) = 0
