=== rs_pancake_good_code ===
[oracles: DISK_THM] [axioms: ]
=== rs_distinct_params ===
[oracles: DISK_THM] [axioms: ]
=== rs_distinct_names ===
[oracles: DISK_THM] [axioms: ]
=== rs_size_of_eids ===
⊢ size_of_eids redirectProg < dimword (:64)
[oracles: DISK_THM] [axioms: ]

=== redirect_rung3_native (Rung-3 native backbone) ===
[oracles: DISK_THM] [axioms: ]
remaining antecedent conjuncts = 31
conclusion:
machine_sem mc ffi ms ⊆
extend_with_resource_limit'
  (option_lt stack_max (SOME (FST (read_limits mc.target.config c mc ms))))
  {semantics_decls s «main» redirectProg}

=== redirectIf_faithful ===
⊢ extract_if_decl (HD redirectProg) = SOME redirectIf
[oracles: DISK_THM] [axioms: ]

=== redirect_decisioncore_refines_spec (Link A, loop-free) ===
⊢ FLOOKUP s.locals «code» = SOME (ValWord (n2w c)) ∧ c < dimword (:64) ∧
  (∃r0. FLOOKUP s.locals «result» = SOME (ValWord r0)) ⇒
  ∃s'.
    evaluate (redirectIf,s) = (NONE,s') ∧
    FLOOKUP s'.locals «result» = SOME (ValWord (n2w (redirStatus c)))
[oracles: DISK_THM] [axioms: ]

theory axioms (redirectRung3) = 0
