=== co_pancake_good_code ===
[oracles: DISK_THM] [axioms: ]
=== co_distinct_params ===
[oracles: DISK_THM] [axioms: ]
=== co_distinct_names ===
[oracles: DISK_THM] [axioms: ]
=== co_size_of_eids ===
⊢ size_of_eids corsProg < dimword (:64)
[oracles: DISK_THM] [axioms: ]

=== cors_rung3_native (Rung-3 native backbone) ===
[oracles: DISK_THM] [axioms: ]
remaining antecedent conjuncts = 31
conclusion:
machine_sem mc ffi ms ⊆
extend_with_resource_limit'
  (option_lt stack_max (SOME (FST (read_limits mc.target.config c mc ms))))
  {semantics_decls s «main» corsProg}

=== corsIf_faithful ===
⊢ extract_if_decl (HD corsProg) = SOME corsIf
[oracles: DISK_THM] [axioms: ]

=== cors_decisioncore_refines_spec (Link A, loop-free) ===
⊢ FLOOKUP s.locals «wild» = SOME (ValWord (n2w wild)) ∧
  FLOOKUP s.locals «km» = SOME (ValWord (n2w km)) ∧
  FLOOKUP s.locals «ku» = SOME (ValWord (n2w ku)) ∧ wild < dimword (:64) ∧
  km < dimword (:64) ∧ ku < dimword (:64) ∧
  FLOOKUP s.locals «dec» = SOME (ValWord 0w) ⇒
  ∃s'.
    evaluate (corsIf,s) = (NONE,s') ∧
    FLOOKUP s'.locals «dec» = SOME (ValWord (n2w (corsAllow wild km ku)))
[oracles: DISK_THM] [axioms: ]

theory axioms (corsRung3) = 0
