=== boundScanProg_bridge_eq_linkB ===
⊢ boundScanProg = boundScanProg
[oracles: DISK_THM] [axioms: ]

=== bs_pancake_good_code ===
[oracles: DISK_THM] [axioms: ]
=== bs_distinct_params ===
[oracles: DISK_THM] [axioms: ]
=== bs_distinct_names ===
[oracles: DISK_THM] [axioms: ]
=== bs_size_of_eids ===
⊢ size_of_eids boundScanProg < dimword (:64)
[oracles: DISK_THM] [axioms: ]

=== boundScan_rung3_native (Rung-3 native backbone) ===
[oracles: DISK_THM] [axioms: ]
remaining antecedent conjuncts = 31
conclusion:
machine_sem mc ffi ms ⊆
extend_with_resource_limit'
  (option_lt stack_max (SOME (FST (read_limits mc.target.config c mc ms))))
  {semantics_decls s «main» boundScanProg}

--- remaining antecedents (the named residual G1/G2) ---
  * compile_prog_max c mc boundScanProg =
(SOME (boundScanBytes,boundScanBitmaps,c'),stack_max)
  * s.code = FEMPTY
  * s.locals = FEMPTY
  * s.globals = FEMPTY
  * FDOM s.eshapes = FDOM (get_eids (functions boundScanProg))
  * backend_config_ok mc.target.config c
  * mc_conf_ok mc
  * mc_init_ok mc.target.config c mc
  * mc.target.config.ISA ≠ Ag32
  * 0w <₊ mc.target.get_reg ms mc.len_reg
  * globals_size =
(let
   dec_shs = dec_shapes boundScanProg;
   struct_ctxt = decs_stcnames [] boundScanProg
 in
   SUM (MAP (size_of_sh_with_ctxt (THE struct_ctxt)) dec_shs))
  * mc.target.get_reg ms mc.len_reg <₊ mc.target.get_reg ms mc.ptr2_reg
  * mc.target.get_reg ms mc.len_reg = s.base_addr
  * globals_allocatable s boundScanProg
  * heap_len =
w2n (mc.target.get_reg ms mc.ptr2_reg + -1w * s.base_addr) DIV
(dimindex (:64) DIV 8)
  * s.top_addr =
s.base_addr + bytes_in_word * n2w heap_len −
n2w (globals_size * dimindex (:64) DIV 8)
  * globals_size ≤ heap_len
  * s.memaddrs =
addresses (mc.target.get_reg ms mc.len_reg) (heap_len − globals_size)
  * aligned (shift (:64) + 1)
  (mc.target.get_reg ms mc.ptr2_reg + -1w * mc.target.get_reg ms mc.len_reg)
  * adj_ptr2 =
mc.target.get_reg ms mc.len_reg + bytes_in_word * n2w max_stack_alloc
  * adj_ptr4 =
mc.target.get_reg ms mc.len2_reg − bytes_in_word * n2w max_stack_alloc
  * adj_ptr2 ≤₊ mc.target.get_reg ms mc.ptr2_reg
  * mc.target.get_reg ms mc.ptr2_reg ≤₊ adj_ptr4
  * w2n
  (mc.target.get_reg ms mc.ptr2_reg + -1w * mc.target.get_reg ms mc.len_reg) ≤
w2n bytes_in_word * (2 * max_heap_limit (:64) c.data_conf − 1)
  * w2n bytes_in_word * (2 * max_heap_limit (:64) c.data_conf − 1) <
dimword (:64)
  * s.ffi = ffi
  * mc.target.config.big_endian ⇔ s.be
  * OPTION_ALL (EVERY (λx. ∃s. x = ExtCall s)) c.lab_conf.ffi_names
  * pan_installed boundScanBytes cbspace boundScanBitmaps data_sp
  c'.lab_conf.ffi_names (heap_regs c.stack_conf.reg_names) mc
  c'.lab_conf.shmem_extra ms (wlab_wloc ∘ s.memory) s.memaddrs s.sh_memaddrs
  * start = «main»
  * semantics_decls s start boundScanProg ≠ Fail

=== Link A (carried) scanLoop_refines_scanFrom ===
⊢ loopInv (TAKE len (DROP off a)) bufw offw 0 0 s ∧
  LENGTH (TAKE len (DROP off a)) ≤ s.clock ∧ off + len ≤ LENGTH a ⇒
  ∃s'.
    evaluate (scanLoop,s) = (NONE,s') ∧
    FLOOKUP s'.locals «acc» = SOME (ValWord (n2w (scanFrom a off len 0)))
[oracles: DISK_THM] [axioms: ]

theory axioms (boundScanRung3) = 0
