byteInts length = 1306
bmInts    length = 1
bmInts values    = 4
--- traversalBytes_length ---
⊢ LENGTH traversalBytes = 1306
--- traversalBitmaps_length ---
⊢ LENGTH traversalBitmaps = 1
--- traversal_compile_prog_native (LAYER 2, oracle) ---
⊢ ∃c'.
    compile_prog x64_config x64_backend_config traversalProg =
    SOME (traversalBytes,traversalBitmaps,c')
LAYER2 oracles = [cake_native_bootstrap]  axioms = []
--- traversal_pan_to_target_specialised (LAYER 1) ---
LAYER1 oracles = [DISK_THM]  axioms = []
LAYER1 antecedent conj1 = compile_prog_max c mc traversalProg =
(SOME (traversalBytes,traversalBitmaps,c'),stack_max)
LAYER2 head const   = pan_to_target$compile_prog
LAYER2 arg1 (asm)   = x64_target$x64_config
LAYER2 arg2 (cfg)   = x64_config$x64_backend_config
LAYER2 arg3 (prog)  = traversalBytesBridge$traversalProg
theory axioms (traversalBytesBridge) = 0
