=== tr_pancake_good_code ===
[oracles: DISK_THM] [axioms: ]
=== tr_distinct_params ===
[oracles: DISK_THM] [axioms: ]
=== tr_distinct_names ===
[oracles: DISK_THM] [axioms: ]
=== tr_size_of_eids ===
⊢ size_of_eids traversalProg < dimword (:64)
[oracles: DISK_THM] [axioms: ]

=== traversal_rung3_native (Rung-3 native backbone) ===
[oracles: DISK_THM] [axioms: ]
remaining antecedent conjuncts = 31
conclusion:
machine_sem mc ffi ms ⊆
extend_with_resource_limit'
  (option_lt stack_max (SOME (FST (read_limits mc.target.config c mc ms))))
  {semantics_decls s «main» traversalProg}

=== traversalIf_faithful ===
⊢ extract_if_decl (HD traversalProg) = SOME traversalIf
[oracles: DISK_THM] [axioms: ]

=== traversal_decisioncore_refines_spec (Link A, loop-free) ===
⊢ FLOOKUP s.locals «acc» = SOME (ValWord (n2w acc)) ∧ acc < dimword (:64) ∧
  FLOOKUP s.locals «dec» = SOME (ValWord 0w) ⇒
  ∃s'.
    evaluate (traversalIf,s) = (NONE,s') ∧
    FLOOKUP s'.locals «dec» = SOME (ValWord (n2w (travBlock acc)))
[oracles: DISK_THM] [axioms: ]

theory axioms (traversalRung3) = 0
