=== ip_pancake_good_code ===
[oracles: DISK_THM] [axioms: ]
=== ip_distinct_params ===
[oracles: DISK_THM] [axioms: ]
=== ip_distinct_names ===
[oracles: DISK_THM] [axioms: ]
=== ip_size_of_eids ===
⊢ size_of_eids ipfProg < dimword (:64)
[oracles: DISK_THM] [axioms: ]

=== ipf_rung3_native (Rung-3 native backbone) ===
[oracles: DISK_THM] [axioms: ]
remaining antecedent conjuncts = 31
conclusion:
machine_sem mc ffi ms ⊆
extend_with_resource_limit'
  (option_lt stack_max (SOME (FST (read_limits mc.target.config c mc ms))))
  {semantics_decls s «main» ipfProg}

=== ipfIf_faithful ===
⊢ extract_if_decl (HD ipfProg) = SOME ipfIf
[oracles: DISK_THM] [axioms: ]

=== ipf_decisioncore_refines_spec (Link A, loop-free) ===
⊢ FLOOKUP s.locals «acc» = SOME (ValWord (n2w acc)) ∧ acc < dimword (:64) ∧
  (∃d0. FLOOKUP s.locals «dec» = SOME (ValWord d0)) ⇒
  ∃s'.
    evaluate (ipfIf,s) = (NONE,s') ∧
    FLOOKUP s'.locals «dec» = SOME (ValWord (n2w (ipfAdmit acc)))
[oracles: DISK_THM] [axioms: ]

theory axioms (ipfRung3) = 0
