
---------------------------------------------------------------------
     HOL4 [Trindemossen 2 (stdknl, built Thu Jul 02 02:35:34 2026)]

     For introductory HOL help, type: help "hol";
     To exit type <Control>-D
---------------------------------------------------------------------
** Load path (see loadPath variable) now contains 71 entries
** after consulting Holmakefiles

> <<HOL message: intLib loaded.  Use intLib.deprecate_int() to turn off integer parsing>>
val tags = fn: string -> thm -> unit

@@@ KERNEL TAGS (fresh load) @@@
=== scanLoop_locals_frame
  oracles = [DISK_THM]
  axiomdeps = []
=== Seq_NONE_le
  oracles = [DISK_THM]
  axiomdeps = []
=== elseCore
  oracles = [DISK_THM]
  axiomdeps = []
=== elseBranch_frame
  oracles = [DISK_THM]
  axiomdeps = []

@@@ THEORY AXIOMS: boundScanWholeMain = 0
@@@ THEORY AXIOMS: boundScanLoopLinkA = 0
@@@ THEORY AXIOMS: boundScanMainFrame = 0
val qconsts = fn: string -> thm -> unit

@@@ FULLY-QUALIFIED CONST AUDIT (non-vacuity) @@@
=== consts in scanLoop_locals_frame:
  bool$!
  pair$,
  bool$/\
  min$=
  min$==>
  arithmetic$BIT1
  arithmetic$BIT2
  string$CHR
  list$CONS
  finite_map$FLOOKUP
  list$NIL
  option$NONE
  arithmetic$NUMERAL
  arithmetic$ZERO
  panSem$evaluate
  mlstring$implode
  panSem$recordtype.state.seldef.locals
  boundScanLoopLinkA$scanLoop
  bool$~
=== consts in elseBranch_frame:
  pair$,
  bool$/\
  num$0
  min$=
  min$==>
  bool$?
  arithmetic$BIT1
  arithmetic$BIT2
  string$CHR
  list$CONS
  finite_map$FLOOKUP
  list$NIL
  option$NONE
  arithmetic$NUMERAL
  option$SOME
  panSem$Val
  panSem$Word
  arithmetic$ZERO
  boundScanMainFrame$elseBranch
  boundScanWholeMain$elsePre
  panSem$evaluate
  mlstring$implode
  words$n2w
  panSem$recordtype.state.seldef.locals
  boundScanLoopLinkA$scanFrom

@@@ elseBranch_frame STATEMENT @@@
|- elsePre a off len bufw offw s ==>
   ?s'.
     evaluate (elseBranch,s) = (NONE,s') /\
     FLOOKUP s'.locals «result» = SOME (ValWord (n2w (scanFrom a off len 0)))

@@@ scanLoop_locals_frame STATEMENT @@@
|- !s s' v.
     evaluate (scanLoop,s) = (NONE,s') /\ v <> «acc» /\ v <> «i» ==>
     FLOOKUP s'.locals v = FLOOKUP s.locals v
> 