Scanning $(HOLDIR)/src/TeX
Scanning $(HOLDIR)/src/bag
Scanning $(HOLDIR)/src/sort
Scanning $(HOLDIR)/src/string
Scanning $(HOLDIR)/src/n-bit
Scanning $(HOLDIR)/src/res_quan/src
Scanning $(HOLDIR)/src/finite_maps
Scanning $(HOLDIR)/examples/algorithms
Scanning $(HOLDIR)/examples/machine-code/hoare-triple
Scanning $(HOLDIR)/src/integer
Scanning $(HOLDIR)/examples/machine-code/multiword
Scanning $(HOLDIR)/src/transfer
Scanning $(HOLDIR)/src/pred_set/src/more_theories
Scanning $(HOLDIR)/src/algebra/base
Scanning $(HOLDIR)/src/algebra/construction
Scanning $(HOLDIR)/src/algebra
Scanning $(HOLDIR)/src/hol88
Scanning $(HOLDIR)/src/rational
Scanning $(HOLDIR)/src/real
Scanning $(HOLDIR)/examples/data-structures/balanced_bst
Scanning $(HOLDIR)/examples/formal-languages
Scanning $(HOLDIR)/examples/formal-languages/context-free
Scanning $(HOLDIR)/src/search
Scanning $(HOLDIR)/examples/formal-languages/regular
Scanning $(HOLDIR)/src/coalgebras
Scanning $(HOLDIR)/examples/pl-semantics/lprefix_lub
Scanning $(CAKEMLDIR)/developers
Scanning $(CAKEMLDIR)/misc
Scanning $(CAKEMLDIR)/basis/pure
Scanning $(CAKEMLDIR)/semantics/ffi
Scanning $(CAKEMLDIR)/semantics
Scanning $(CAKEMLDIR)/compiler/backend/pattern_matching
Scanning $(CAKEMLDIR)/translator/monadic/monad_base
Scanning $(CAKEMLDIR)/unverified/reg_alloc
Scanning $(CAKEMLDIR)/compiler/backend/reg_alloc
Scanning $(HOLDIR)/src/floating-point
Scanning $(HOLDIR)/src/monad/more_monads
Scanning $(HOLDIR)/src/update
Scanning $(HOLDIR)/examples/l3-machine-code/common
Scanning $(CAKEMLDIR)/compiler/encoders/asm
Scanning $(CAKEMLDIR)/semantics/proofs
Scanning $(CAKEMLDIR)/compiler/backend
Scanning $(CAKEMLDIR)/compiler/backend/gc
Scanning $(CAKEMLDIR)/compiler/parsing
Scanning $(CAKEMLDIR)/translator
Scanning $(CAKEMLDIR)/characteristic
Scanning $(CAKEMLDIR)/translator/monadic
Scanning $(CAKEMLDIR)/compiler/backend/reg_alloc/proofs
Scanning $(CAKEMLDIR)/semantics/alt_semantics
Scanning $(CAKEMLDIR)/semantics/alt_semantics/proofs
Scanning $(CAKEMLDIR)/compiler/backend/semantics
Scanning $(CAKEMLDIR)/compiler/backend/proofs
Scanning $(CAKEMLDIR)/pancake
Scanning $(CAKEMLDIR)/pancake/parser
Scanning $(CAKEMLDIR)/pancake/semantics
Scanning $(CAKEMLDIR)/pancake/proofs
Scanned 57 directories
Building 1 theory file
Starting work on boundScanLinkBInstTheory
boundScanLinkBInstTheory                                   (15s)   [1/1]     OK
